0 verbose cli /usr/local/bin/node /usr/local/bin/npm
1 info using npm@10.8.2
2 info using node@v20.20.1
3 silly config load:file:/usr/local/lib/node_modules/npm/npmrc
4 silly config load:file:/data/.npmrc
5 silly config load:file:/usr/src/node-red/.npmrc
6 silly config load:file:/usr/local/etc/npmrc
7 verbose title npm install node-red-node-mysql@3.0.0
8 verbose argv "install" "--no-audit" "--no-update-notifier" "--no-fund" "--save" "--save-prefix" "~" "--omit" "dev" "--engine-strict" "node-red-node-mysql@3.0.0"
9 verbose logfile logs-max:10 dir:/data/.npm/_logs/2026-04-15T14_06_58_666Z-
10 verbose logfile /data/.npm/_logs/2026-04-15T14_06_58_666Z-debug-0.log
11 silly packumentCache heap:587202560 maxSize:146800640 maxEntrySize:73400320
12 silly logfile done cleaning log files
13 silly idealTree buildDeps
14 silly fetch manifest node-red-contrib-aedes@^0.13.0
15 silly packumentCache full:https://registry.npmjs.org/node-red-contrib-aedes cache-miss
16 http fetch GET 200 https://registry.npmjs.org/node-red-contrib-aedes 686ms (cache miss)
17 silly packumentCache full:https://registry.npmjs.org/node-red-contrib-aedes set size:undefined disposed:false
18 silly fetch manifest node-red-dashboard@~3.6.6
19 silly packumentCache full:https://registry.npmjs.org/node-red-dashboard cache-miss
20 http fetch GET 200 https://registry.npmjs.org/node-red-dashboard 713ms (cache miss)
21 silly packumentCache full:https://registry.npmjs.org/node-red-dashboard set size:undefined disposed:false
22 silly fetch manifest node-red-node-mysql@3.0.0
23 silly packumentCache full:https://registry.npmjs.org/node-red-node-mysql cache-miss
24 http fetch GET 200 https://registry.npmjs.org/node-red-node-mysql 321ms (cache miss)
25 silly packumentCache full:https://registry.npmjs.org/node-red-node-mysql set size:undefined disposed:false
26 silly placeDep ROOT node-red-contrib-aedes@0.13.2 OK for: MESLab4_0@0.0.1 want: ^0.13.0
27 silly placeDep ROOT node-red-dashboard@3.6.6 OK for: MESLab4_0@0.0.1 want: ~3.6.6
28 silly placeDep ROOT node-red-node-mysql@3.0.0 OK for: MESLab4_0@0.0.1 want: 3.0.0
29 silly fetch manifest aedes@^0.51.0
30 silly packumentCache full:https://registry.npmjs.org/aedes cache-miss
31 silly fetch manifest websocket-stream@^5.5.2
32 silly packumentCache full:https://registry.npmjs.org/websocket-stream cache-miss
33 silly fetch manifest aedes-persistence-mongodb@^9.1.1
34 silly packumentCache full:https://registry.npmjs.org/aedes-persistence-mongodb cache-miss
35 silly fetch manifest gridstack@^0.6.4
36 silly packumentCache full:https://registry.npmjs.org/gridstack cache-miss
37 silly fetch manifest socket.io@^4.8.1
38 silly packumentCache full:https://registry.npmjs.org/socket.io cache-miss
39 silly fetch manifest compression@^1.8.1
40 silly packumentCache full:https://registry.npmjs.org/compression cache-miss
41 silly fetch manifest serve-static@^1.16.2
42 silly packumentCache full:https://registry.npmjs.org/serve-static cache-miss
43 silly fetch manifest mysql2@^3.16.0
44 silly packumentCache full:https://registry.npmjs.org/mysql2 cache-miss
45 http fetch GET 200 https://registry.npmjs.org/compression 127ms (cache miss)
46 silly packumentCache full:https://registry.npmjs.org/compression set size:undefined disposed:false
47 http fetch GET 200 https://registry.npmjs.org/serve-static 131ms (cache miss)
48 silly packumentCache full:https://registry.npmjs.org/serve-static set size:undefined disposed:false
49 http fetch GET 200 https://registry.npmjs.org/socket.io 138ms (cache miss)
50 silly packumentCache full:https://registry.npmjs.org/socket.io set size:undefined disposed:false
51 http fetch GET 200 https://registry.npmjs.org/mysql2 180ms (cache miss)
52 silly packumentCache full:https://registry.npmjs.org/mysql2 set size:undefined disposed:false
53 http fetch GET 200 https://registry.npmjs.org/aedes 244ms (cache miss)
54 silly packumentCache full:https://registry.npmjs.org/aedes set size:undefined disposed:false
55 http fetch GET 200 https://registry.npmjs.org/websocket-stream 303ms (cache miss)
56 silly packumentCache full:https://registry.npmjs.org/websocket-stream set size:undefined disposed:false
57 http fetch GET 200 https://registry.npmjs.org/aedes-persistence-mongodb 312ms (cache miss)
58 silly packumentCache full:https://registry.npmjs.org/aedes-persistence-mongodb set size:undefined disposed:false
59 http fetch GET 200 https://registry.npmjs.org/gridstack 313ms (cache miss)
60 silly packumentCache full:https://registry.npmjs.org/gridstack set size:undefined disposed:false
61 silly placeDep ROOT aedes@0.51.3 OK for: node-red-contrib-aedes@0.13.2 want: ^0.51.0
62 silly placeDep ROOT aedes-persistence-mongodb@9.4.1 OK for: node-red-contrib-aedes@0.13.2 want: ^9.1.1
63 silly placeDep ROOT websocket-stream@5.5.2 OK for: node-red-contrib-aedes@0.13.2 want: ^5.5.2
64 silly fetch manifest uuid@^10.0.0
65 silly packumentCache full:https://registry.npmjs.org/uuid cache-miss
66 silly fetch manifest hyperid@^3.2.0
67 silly packumentCache full:https://registry.npmjs.org/hyperid cache-miss
68 silly fetch manifest retimer@^4.0.0
69 silly packumentCache full:https://registry.npmjs.org/retimer cache-miss
70 silly fetch manifest reusify@^1.0.4
71 silly packumentCache full:https://registry.npmjs.org/reusify cache-miss
72 silly fetch manifest fastfall@^1.5.1
73 silly packumentCache full:https://registry.npmjs.org/fastfall cache-miss
74 silly fetch manifest mqemitter@^6.0.0
75 silly packumentCache full:https://registry.npmjs.org/mqemitter cache-miss
76 silly fetch manifest fastseries@^2.0.0
77 silly packumentCache full:https://registry.npmjs.org/fastseries cache-miss
78 silly fetch manifest mqtt-packet@^9.0.0
79 silly packumentCache full:https://registry.npmjs.org/mqtt-packet cache-miss
80 silly fetch manifest aedes-packet@^3.0.0
81 silly packumentCache full:https://registry.npmjs.org/aedes-packet cache-miss
82 silly fetch manifest fastparallel@^2.4.1
83 silly packumentCache full:https://registry.npmjs.org/fastparallel cache-miss
84 silly fetch manifest end-of-stream@^1.4.4
85 silly packumentCache full:https://registry.npmjs.org/end-of-stream cache-miss
86 silly fetch manifest aedes-persistence@^9.1.2
87 silly packumentCache full:https://registry.npmjs.org/aedes-persistence cache-miss
88 silly fetch manifest aedes-persistence@^10.2.2
89 silly packumentCache full:https://registry.npmjs.org/aedes-persistence cache-miss
90 silly fetch manifest escape-string-regexp@^4.0.0
91 silly packumentCache full:https://registry.npmjs.org/escape-string-regexp cache-miss
92 silly fetch manifest mongodb@6.17
93 silly packumentCache full:https://registry.npmjs.org/mongodb cache-miss
94 http fetch GET 200 https://registry.npmjs.org/uuid 69ms (cache miss)
95 silly packumentCache full:https://registry.npmjs.org/uuid set size:undefined disposed:false
96 silly fetch manifest qlobber@^8.0.1
97 silly packumentCache full:https://registry.npmjs.org/qlobber cache-miss
98 http fetch GET 200 https://registry.npmjs.org/reusify 85ms (cache miss)
99 silly packumentCache full:https://registry.npmjs.org/reusify set size:undefined disposed:false
100 silly fetch manifest duplexify@^3.5.1
101 silly packumentCache full:https://registry.npmjs.org/duplexify cache-miss
102 http fetch GET 200 https://registry.npmjs.org/mqemitter 86ms (cache miss)
103 silly packumentCache full:https://registry.npmjs.org/mqemitter set size:undefined disposed:false
104 silly fetch manifest inherits@^2.0.1
105 silly packumentCache full:https://registry.npmjs.org/inherits cache-miss
106 http fetch GET 200 https://registry.npmjs.org/qlobber 39ms (cache miss)
107 silly packumentCache full:https://registry.npmjs.org/qlobber set size:undefined disposed:false
108 silly fetch manifest readable-stream@^2.3.3
109 silly packumentCache full:https://registry.npmjs.org/readable-stream cache-miss
110 http fetch GET 200 https://registry.npmjs.org/end-of-stream 122ms (cache miss)
111 silly packumentCache full:https://registry.npmjs.org/end-of-stream set size:undefined disposed:false
112 silly fetch manifest safe-buffer@^5.1.2
113 silly packumentCache full:https://registry.npmjs.org/safe-buffer cache-miss
114 http fetch GET 200 https://registry.npmjs.org/inherits 38ms (cache miss)
115 silly packumentCache full:https://registry.npmjs.org/inherits set size:undefined disposed:false
116 silly fetch manifest ws@^3.2.0
117 silly packumentCache full:https://registry.npmjs.org/ws cache-miss
118 http fetch GET 200 https://registry.npmjs.org/escape-string-regexp 144ms (cache miss)
119 silly packumentCache full:https://registry.npmjs.org/escape-string-regexp set size:undefined disposed:false
120 silly fetch manifest xtend@^4.0.0
121 silly packumentCache full:https://registry.npmjs.org/xtend cache-miss
122 http fetch GET 200 https://registry.npmjs.org/duplexify 62ms (cache miss)
123 silly packumentCache full:https://registry.npmjs.org/duplexify set size:undefined disposed:false
124 http fetch GET 200 https://registry.npmjs.org/fastparallel 151ms (cache miss)
125 silly packumentCache full:https://registry.npmjs.org/fastparallel set size:undefined disposed:false
126 http fetch GET 200 https://registry.npmjs.org/readable-stream 47ms (cache miss)
127 silly packumentCache full:https://registry.npmjs.org/readable-stream set size:undefined disposed:false
128 http fetch GET 200 https://registry.npmjs.org/safe-buffer 55ms (cache miss)
129 silly packumentCache full:https://registry.npmjs.org/safe-buffer set size:undefined disposed:false
130 http fetch GET 200 https://registry.npmjs.org/mongodb 181ms (cache miss)
131 silly packumentCache full:https://registry.npmjs.org/mongodb set size:undefined disposed:false
132 http fetch GET 200 https://registry.npmjs.org/ws 96ms (cache miss)
133 silly packumentCache full:https://registry.npmjs.org/ws set size:undefined disposed:false
134 http fetch GET 200 https://registry.npmjs.org/xtend 89ms (cache miss)
135 silly packumentCache full:https://registry.npmjs.org/xtend set size:undefined disposed:false
136 http fetch GET 200 https://registry.npmjs.org/hyperid 240ms (cache miss)
137 silly packumentCache full:https://registry.npmjs.org/hyperid set size:undefined disposed:false
138 http fetch GET 200 https://registry.npmjs.org/fastfall 250ms (cache miss)
139 silly packumentCache full:https://registry.npmjs.org/fastfall set size:undefined disposed:false
140 http fetch GET 200 https://registry.npmjs.org/mqtt-packet 252ms (cache miss)
141 silly packumentCache full:https://registry.npmjs.org/mqtt-packet set size:undefined disposed:false
142 http fetch GET 200 https://registry.npmjs.org/retimer 257ms (cache miss)
143 silly packumentCache full:https://registry.npmjs.org/retimer set size:undefined disposed:false
144 http fetch GET 200 https://registry.npmjs.org/fastseries 258ms (cache miss)
145 silly packumentCache full:https://registry.npmjs.org/fastseries set size:undefined disposed:false
146 http fetch GET 200 https://registry.npmjs.org/aedes-packet 534ms (cache miss)
147 silly packumentCache full:https://registry.npmjs.org/aedes-packet set size:undefined disposed:false
148 http fetch GET 200 https://registry.npmjs.org/aedes-persistence 534ms (cache miss)
149 silly packumentCache full:https://registry.npmjs.org/aedes-persistence set size:undefined disposed:false
150 http fetch GET 200 https://registry.npmjs.org/aedes-persistence 537ms (cache miss)
151 silly packumentCache full:https://registry.npmjs.org/aedes-persistence set size:undefined disposed:false
152 silly placeDep ROOT aedes-packet@3.0.0 OK for: aedes@0.51.3 want: ^3.0.0
153 silly placeDep ROOT aedes-persistence@9.1.2 OK for: aedes@0.51.3 want: ^9.1.2
154 silly placeDep ROOT end-of-stream@1.4.5 OK for: aedes@0.51.3 want: ^1.4.4
155 silly placeDep ROOT fastfall@1.5.1 OK for: aedes@0.51.3 want: ^1.5.1
156 silly placeDep ROOT fastparallel@2.4.1 OK for: aedes@0.51.3 want: ^2.4.1
157 silly placeDep ROOT fastseries@2.0.0 OK for: aedes@0.51.3 want: ^2.0.0
158 silly placeDep ROOT hyperid@3.3.0 OK for: aedes@0.51.3 want: ^3.2.0
159 silly placeDep ROOT mqemitter@6.0.2 OK for: aedes@0.51.3 want: ^6.0.0
160 silly placeDep ROOT mqtt-packet@9.0.2 OK for: aedes@0.51.3 want: ^9.0.0
161 silly placeDep ROOT retimer@4.0.0 OK for: aedes@0.51.3 want: ^4.0.0
162 silly placeDep ROOT reusify@1.1.0 OK for: aedes@0.51.3 want: ^1.0.4
163 silly placeDep ROOT uuid@10.0.0 OK for: aedes@0.51.3 want: ^10.0.0
164 silly fetch manifest mqtt-packet@^7.0.0
165 silly packumentCache full:https://registry.npmjs.org/mqtt-packet cache-miss
166 silly fetch manifest qlobber@^7.0.0
167 silly packumentCache full:https://registry.npmjs.org/qlobber cache-miss
168 silly fetch manifest once@^1.4.0
169 silly packumentCache full:https://registry.npmjs.org/once cache-miss
170 silly fetch manifest reusify@^1.0.0
171 silly packumentCache full:https://registry.npmjs.org/reusify cache-miss
172 silly fetch manifest xtend@^4.0.2
173 silly packumentCache full:https://registry.npmjs.org/xtend cache-miss
174 silly fetch manifest buffer@^5.2.1
175 silly packumentCache full:https://registry.npmjs.org/buffer cache-miss
176 silly fetch manifest uuid@^8.3.2
177 silly packumentCache full:https://registry.npmjs.org/uuid cache-miss
178 silly fetch manifest uuid-parse@^1.1.0
179 silly packumentCache full:https://registry.npmjs.org/uuid-parse cache-miss
180 silly fetch manifest bl@^6.0.8
181 silly packumentCache full:https://registry.npmjs.org/bl cache-miss
182 silly fetch manifest debug@^4.3.4
183 silly packumentCache full:https://registry.npmjs.org/debug cache-miss
184 silly fetch manifest process-nextick-args@^2.0.1
185 silly packumentCache full:https://registry.npmjs.org/process-nextick-args cache-miss
186 silly fetch manifest worker-timers@^7.0.75
187 silly packumentCache full:https://registry.npmjs.org/worker-timers cache-miss
188 http fetch GET 200 https://registry.npmjs.org/qlobber 23ms (cache hit)
189 silly packumentCache full:https://registry.npmjs.org/qlobber set size:130469 disposed:false
190 http fetch GET 200 https://registry.npmjs.org/mqtt-packet 26ms (cache hit)
191 silly packumentCache full:https://registry.npmjs.org/mqtt-packet set size:181823 disposed:false
192 http fetch GET 200 https://registry.npmjs.org/reusify 27ms (cache hit)
193 silly packumentCache full:https://registry.npmjs.org/reusify set size:14249 disposed:false
194 http fetch GET 200 https://registry.npmjs.org/uuid 27ms (cache hit)
195 silly packumentCache full:https://registry.npmjs.org/uuid set size:224608 disposed:false
196 http fetch GET 200 https://registry.npmjs.org/xtend 31ms (cache hit)
197 silly packumentCache full:https://registry.npmjs.org/xtend set size:28314 disposed:false
198 http fetch GET 200 https://registry.npmjs.org/once 239ms (cache miss)
199 silly packumentCache full:https://registry.npmjs.org/once set size:undefined disposed:false
200 http fetch GET 200 https://registry.npmjs.org/process-nextick-args 234ms (cache miss)
201 silly packumentCache full:https://registry.npmjs.org/process-nextick-args set size:undefined disposed:false
202 http fetch GET 200 https://registry.npmjs.org/uuid-parse 237ms (cache miss)
203 silly packumentCache full:https://registry.npmjs.org/uuid-parse set size:undefined disposed:false
204 http fetch GET 200 https://registry.npmjs.org/bl 239ms (cache miss)
205 silly packumentCache full:https://registry.npmjs.org/bl set size:undefined disposed:false
206 http fetch GET 200 https://registry.npmjs.org/debug 249ms (cache miss)
207 silly packumentCache full:https://registry.npmjs.org/debug set size:undefined disposed:false
208 http fetch GET 200 https://registry.npmjs.org/buffer 263ms (cache miss)
209 silly packumentCache full:https://registry.npmjs.org/buffer set size:undefined disposed:false
210 http fetch GET 200 https://registry.npmjs.org/worker-timers 265ms (cache miss)
211 silly packumentCache full:https://registry.npmjs.org/worker-timers set size:undefined disposed:false
212 silly placeDep node_modules/aedes-packet mqtt-packet@7.1.2 OK for: aedes-packet@3.0.0 want: ^7.0.0
213 silly fetch manifest bl@^4.0.2
214 silly packumentCache full:https://registry.npmjs.org/bl cache-miss
215 silly fetch manifest debug@^4.1.1
216 silly packumentCache full:https://registry.npmjs.org/debug cache-miss
217 http fetch GET 200 https://registry.npmjs.org/bl 5ms (cache hit)
218 silly packumentCache full:https://registry.npmjs.org/bl set size:191801 disposed:false
219 http fetch GET 200 https://registry.npmjs.org/debug 7ms (cache hit)
220 silly packumentCache full:https://registry.npmjs.org/debug set size:195840 disposed:false
221 silly placeDep ROOT qlobber@7.0.1 OK for: aedes-persistence@9.1.2 want: ^7.0.0
222 silly fetch manifest @aws-sdk/credential-providers@^3.188.0
223 silly packumentCache full:https://registry.npmjs.org/@aws-sdk%2fcredential-providers cache-miss
224 http fetch GET 200 https://registry.npmjs.org/@aws-sdk%2fcredential-providers 230ms (cache miss)
225 silly packumentCache full:https://registry.npmjs.org/@aws-sdk%2fcredential-providers set size:undefined disposed:false
226 silly fetch manifest @mongodb-js/zstd@^1.1.0 || ^2.0.0
227 silly packumentCache full:https://registry.npmjs.org/@mongodb-js%2fzstd cache-miss
228 http fetch GET 200 https://registry.npmjs.org/@mongodb-js%2fzstd 176ms (cache miss)
229 silly packumentCache full:https://registry.npmjs.org/@mongodb-js%2fzstd set size:undefined disposed:false
230 silly fetch manifest gcp-metadata@^5.2.0
231 silly packumentCache full:https://registry.npmjs.org/gcp-metadata cache-miss
232 http fetch GET 200 https://registry.npmjs.org/gcp-metadata 248ms (cache miss)
233 silly packumentCache full:https://registry.npmjs.org/gcp-metadata set size:undefined disposed:false
234 silly fetch manifest kerberos@^2.0.1
235 silly packumentCache full:https://registry.npmjs.org/kerberos cache-miss
236 http fetch GET 200 https://registry.npmjs.org/kerberos 49ms (cache miss)
237 silly packumentCache full:https://registry.npmjs.org/kerberos set size:undefined disposed:false
238 silly fetch manifest mongodb-client-encryption@>=6.0.0 <7
239 silly packumentCache full:https://registry.npmjs.org/mongodb-client-encryption cache-miss
240 http fetch GET 200 https://registry.npmjs.org/mongodb-client-encryption 53ms (cache miss)
241 silly packumentCache full:https://registry.npmjs.org/mongodb-client-encryption set size:undefined disposed:false
242 silly fetch manifest snappy@^7.2.2
243 silly packumentCache full:https://registry.npmjs.org/snappy cache-miss
244 http fetch GET 200 https://registry.npmjs.org/snappy 40ms (cache miss)
245 silly packumentCache full:https://registry.npmjs.org/snappy set size:undefined disposed:false
246 silly fetch manifest socks@^2.7.1
247 silly packumentCache full:https://registry.npmjs.org/socks cache-miss
248 http fetch GET 200 https://registry.npmjs.org/socks 42ms (cache miss)
249 silly packumentCache full:https://registry.npmjs.org/socks set size:undefined disposed:false
250 silly placeDep node_modules/aedes-persistence-mongodb aedes-persistence@10.2.2 OK for: aedes-persistence-mongodb@9.4.1 want: ^10.2.2
251 silly placeDep ROOT escape-string-regexp@4.0.0 OK for: aedes-persistence-mongodb@9.4.1 want: ^4.0.0
252 silly placeDep ROOT mongodb@6.17.0 OK for: aedes-persistence-mongodb@9.4.1 want: 6.17
253 silly placeDep node_modules/aedes-persistence-mongodb qlobber@8.0.1 OK for: aedes-persistence-mongodb@9.4.1 want: ^8.0.1
254 silly fetch manifest bson@^6.10.4
255 silly packumentCache full:https://registry.npmjs.org/bson cache-miss
256 silly fetch manifest @mongodb-js/saslprep@^1.1.9
257 silly packumentCache full:https://registry.npmjs.org/@mongodb-js%2fsaslprep cache-miss
258 silly fetch manifest mongodb-connection-string-url@^3.0.0
259 silly packumentCache full:https://registry.npmjs.org/mongodb-connection-string-url cache-miss
260 http fetch GET 200 https://registry.npmjs.org/mongodb-connection-string-url 34ms (cache miss)
261 silly packumentCache full:https://registry.npmjs.org/mongodb-connection-string-url set size:undefined disposed:false
262 http fetch GET 200 https://registry.npmjs.org/@mongodb-js%2fsaslprep 55ms (cache miss)
263 silly packumentCache full:https://registry.npmjs.org/@mongodb-js%2fsaslprep set size:undefined disposed:false
264 http fetch GET 200 https://registry.npmjs.org/bson 86ms (cache miss)
265 silly packumentCache full:https://registry.npmjs.org/bson set size:undefined disposed:false
266 silly placeDep ROOT once@1.4.0 OK for: end-of-stream@1.4.5 want: ^1.4.0
267 silly fetch manifest wrappy@1
268 silly packumentCache full:https://registry.npmjs.org/wrappy cache-miss
269 http fetch GET 200 https://registry.npmjs.org/wrappy 48ms (cache miss)
270 silly packumentCache full:https://registry.npmjs.org/wrappy set size:undefined disposed:false
271 silly placeDep ROOT xtend@4.0.2 OK for: fastparallel@2.4.1 want: ^4.0.2
272 silly placeDep ROOT buffer@5.7.1 OK for: hyperid@3.3.0 want: ^5.2.1
273 silly placeDep node_modules/hyperid uuid@8.3.2 OK for: hyperid@3.3.0 want: ^8.3.2
274 silly placeDep ROOT uuid-parse@1.1.0 OK for: hyperid@3.3.0 want: ^1.1.0
275 silly fetch manifest base64-js@^1.3.1
276 silly packumentCache full:https://registry.npmjs.org/base64-js cache-miss
277 silly fetch manifest ieee754@^1.1.13
278 silly packumentCache full:https://registry.npmjs.org/ieee754 cache-miss
279 http fetch GET 200 https://registry.npmjs.org/ieee754 39ms (cache miss)
280 silly packumentCache full:https://registry.npmjs.org/ieee754 set size:undefined disposed:false
281 http fetch GET 200 https://registry.npmjs.org/base64-js 49ms (cache miss)
282 silly packumentCache full:https://registry.npmjs.org/base64-js set size:undefined disposed:false
283 silly placeDep ROOT base64-js@1.5.1 OK for: buffer@5.7.1 want: ^1.3.1
284 silly placeDep ROOT ieee754@1.2.1 OK for: buffer@5.7.1 want: ^1.1.13
285 silly placeDep ROOT @mongodb-js/saslprep@1.4.6 OK for: mongodb@6.17.0 want: ^1.1.9
286 silly placeDep ROOT bson@6.10.4 OK for: mongodb@6.17.0 want: ^6.10.4
287 silly placeDep ROOT mongodb-connection-string-url@3.0.2 OK for: mongodb@6.17.0 want: ^3.0.0
288 silly fetch manifest sparse-bitfield@^3.0.3
289 silly packumentCache full:https://registry.npmjs.org/sparse-bitfield cache-miss
290 silly fetch manifest whatwg-url@^14.1.0 || ^13.0.0
291 silly packumentCache full:https://registry.npmjs.org/whatwg-url cache-miss
292 silly fetch manifest @types/whatwg-url@^11.0.2
293 silly packumentCache full:https://registry.npmjs.org/@types%2fwhatwg-url cache-miss
294 http fetch GET 200 https://registry.npmjs.org/sparse-bitfield 41ms (cache miss)
295 silly packumentCache full:https://registry.npmjs.org/sparse-bitfield set size:undefined disposed:false
296 http fetch GET 200 https://registry.npmjs.org/whatwg-url 42ms (cache miss)
297 silly packumentCache full:https://registry.npmjs.org/whatwg-url set size:undefined disposed:false
298 http fetch GET 200 https://registry.npmjs.org/@types%2fwhatwg-url 47ms (cache miss)
299 silly packumentCache full:https://registry.npmjs.org/@types%2fwhatwg-url set size:undefined disposed:false
300 silly placeDep ROOT sparse-bitfield@3.0.3 OK for: @mongodb-js/saslprep@1.4.6 want: ^3.0.3
301 silly fetch manifest memory-pager@^1.0.2
302 silly packumentCache full:https://registry.npmjs.org/memory-pager cache-miss
303 http fetch GET 200 https://registry.npmjs.org/memory-pager 51ms (cache miss)
304 silly packumentCache full:https://registry.npmjs.org/memory-pager set size:undefined disposed:false
305 silly placeDep ROOT @types/whatwg-url@11.0.5 OK for: mongodb-connection-string-url@3.0.2 want: ^11.0.2
306 silly placeDep ROOT whatwg-url@14.2.0 OK for: mongodb-connection-string-url@3.0.2 want: ^14.1.0 || ^13.0.0
307 silly fetch manifest @types/webidl-conversions@*
308 silly packumentCache full:https://registry.npmjs.org/@types%2fwebidl-conversions cache-miss
309 silly fetch manifest tr46@^5.1.0
310 silly packumentCache full:https://registry.npmjs.org/tr46 cache-miss
311 silly fetch manifest webidl-conversions@^7.0.0
312 silly packumentCache full:https://registry.npmjs.org/webidl-conversions cache-miss
313 http fetch GET 200 https://registry.npmjs.org/tr46 42ms (cache miss)
314 silly packumentCache full:https://registry.npmjs.org/tr46 set size:undefined disposed:false
315 http fetch GET 200 https://registry.npmjs.org/@types%2fwebidl-conversions 50ms (cache miss)
316 silly packumentCache full:https://registry.npmjs.org/@types%2fwebidl-conversions set size:undefined disposed:false
317 http fetch GET 200 https://registry.npmjs.org/webidl-conversions 49ms (cache miss)
318 silly packumentCache full:https://registry.npmjs.org/webidl-conversions set size:undefined disposed:false
319 silly placeDep ROOT @types/webidl-conversions@7.0.3 OK for: @types/whatwg-url@11.0.5 want: *
320 silly placeDep node_modules/mqemitter qlobber@8.0.1 OK for: mqemitter@6.0.2 want: ^8.0.1
321 silly placeDep ROOT bl@6.1.6 OK for: mqtt-packet@9.0.2 want: ^6.0.8
322 silly placeDep ROOT debug@4.4.3 OK for: mqtt-packet@9.0.2 want: ^4.3.4
323 silly placeDep ROOT process-nextick-args@2.0.1 OK for: mqtt-packet@9.0.2 want: ^2.0.1
324 silly fetch manifest buffer@^6.0.3
325 silly packumentCache full:https://registry.npmjs.org/buffer cache-miss
326 silly fetch manifest inherits@^2.0.4
327 silly packumentCache full:https://registry.npmjs.org/inherits cache-miss
328 silly fetch manifest readable-stream@^4.2.0
329 silly packumentCache full:https://registry.npmjs.org/readable-stream cache-miss
330 silly fetch manifest @types/readable-stream@^4.0.0
331 silly packumentCache full:https://registry.npmjs.org/@types%2freadable-stream cache-miss
332 silly fetch manifest ms@^2.1.3
333 silly packumentCache full:https://registry.npmjs.org/ms cache-miss
334 http fetch GET 200 https://registry.npmjs.org/buffer 8ms (cache hit)
335 silly packumentCache full:https://registry.npmjs.org/buffer set size:280480 disposed:false
336 http fetch GET 200 https://registry.npmjs.org/inherits 10ms (cache hit)
337 silly packumentCache full:https://registry.npmjs.org/inherits set size:12925 disposed:false
338 http fetch GET 200 https://registry.npmjs.org/readable-stream 10ms (cache hit)
339 silly packumentCache full:https://registry.npmjs.org/readable-stream set size:261096 disposed:false
340 http fetch GET 200 https://registry.npmjs.org/ms 35ms (cache miss)
341 silly packumentCache full:https://registry.npmjs.org/ms set size:undefined disposed:false
342 http fetch GET 200 https://registry.npmjs.org/@types%2freadable-stream 236ms (cache miss)
343 silly packumentCache full:https://registry.npmjs.org/@types%2freadable-stream set size:undefined disposed:false
344 silly placeDep ROOT @types/readable-stream@4.0.23 OK for: bl@6.1.6 want: ^4.0.0
345 silly placeDep node_modules/bl buffer@6.0.3 OK for: bl@6.1.6 want: ^6.0.3
346 silly placeDep ROOT inherits@2.0.4 OK for: bl@6.1.6 want: ^2.0.4
347 silly placeDep ROOT readable-stream@4.7.0 OK for: bl@6.1.6 want: ^4.2.0
348 silly fetch manifest @types/node@*
349 silly packumentCache full:https://registry.npmjs.org/@types%2fnode cache-miss
350 silly fetch manifest abort-controller@^3.0.0
351 silly packumentCache full:https://registry.npmjs.org/abort-controller cache-miss
352 silly fetch manifest events@^3.3.0
353 silly packumentCache full:https://registry.npmjs.org/events cache-miss
354 silly fetch manifest process@^0.11.10
355 silly packumentCache full:https://registry.npmjs.org/process cache-miss
356 silly fetch manifest string_decoder@^1.3.0
357 silly packumentCache full:https://registry.npmjs.org/string_decoder cache-miss
358 http fetch GET 200 https://registry.npmjs.org/abort-controller 40ms (cache miss)
359 silly packumentCache full:https://registry.npmjs.org/abort-controller set size:undefined disposed:false
360 http fetch GET 200 https://registry.npmjs.org/string_decoder 48ms (cache miss)
361 silly packumentCache full:https://registry.npmjs.org/string_decoder set size:undefined disposed:false
362 http fetch GET 200 https://registry.npmjs.org/events 52ms (cache miss)
363 silly packumentCache full:https://registry.npmjs.org/events set size:undefined disposed:false
364 http fetch GET 200 https://registry.npmjs.org/process 52ms (cache miss)
365 silly packumentCache full:https://registry.npmjs.org/process set size:undefined disposed:false
366 http fetch GET 200 https://registry.npmjs.org/@types%2fnode 153ms (cache miss)
367 silly packumentCache full:https://registry.npmjs.org/@types%2fnode set size:undefined disposed:false
368 silly placeDep ROOT @types/node@25.6.0 OK for: @types/readable-stream@4.0.23 want: *
369 silly fetch manifest undici-types@~7.19.0
370 silly packumentCache full:https://registry.npmjs.org/undici-types cache-miss
371 http fetch GET 200 https://registry.npmjs.org/undici-types 48ms (cache miss)
372 silly packumentCache full:https://registry.npmjs.org/undici-types set size:undefined disposed:false
373 silly placeDep ROOT undici-types@7.19.2 OK for: @types/node@25.6.0 want: ~7.19.0
374 silly placeDep ROOT ms@2.1.3 OK for: debug@4.4.3 want: ^2.1.3
375 silly placeDep ROOT compression@1.8.1 OK for: node-red-dashboard@3.6.6 want: ^1.8.1
376 silly placeDep ROOT gridstack@0.6.4 OK for: node-red-dashboard@3.6.6 want: ^0.6.4
377 silly placeDep ROOT serve-static@1.16.3 OK for: node-red-dashboard@3.6.6 want: ^1.16.2
378 silly placeDep ROOT socket.io@4.8.3 OK for: node-red-dashboard@3.6.6 want: ^4.8.1
379 silly fetch manifest vary@~1.1.2
380 silly packumentCache full:https://registry.npmjs.org/vary cache-miss
381 silly fetch manifest bytes@3.1.2
382 silly packumentCache full:https://registry.npmjs.org/bytes cache-miss
383 silly fetch manifest debug@2.6.9
384 silly packumentCache full:https://registry.npmjs.org/debug cache-hit
385 silly fetch manifest negotiator@~0.6.4
386 silly packumentCache full:https://registry.npmjs.org/negotiator cache-miss
387 silly fetch manifest on-headers@~1.1.0
388 silly packumentCache full:https://registry.npmjs.org/on-headers cache-miss
389 silly fetch manifest safe-buffer@5.2.1
390 silly packumentCache full:https://registry.npmjs.org/safe-buffer cache-miss
391 silly fetch manifest compressible@~2.0.18
392 silly packumentCache full:https://registry.npmjs.org/compressible cache-miss
393 silly fetch manifest jquery@^1.8 || 2 || 3
394 silly packumentCache full:https://registry.npmjs.org/jquery cache-miss
395 silly fetch manifest send@~0.19.1
396 silly packumentCache full:https://registry.npmjs.org/send cache-miss
397 silly fetch manifest parseurl@~1.3.3
398 silly packumentCache full:https://registry.npmjs.org/parseurl cache-miss
399 silly fetch manifest encodeurl@~2.0.0
400 silly packumentCache full:https://registry.npmjs.org/encodeurl cache-miss
401 silly fetch manifest escape-html@~1.0.3
402 silly packumentCache full:https://registry.npmjs.org/escape-html cache-miss
403 silly fetch manifest accepts@~1.3.4
404 silly packumentCache full:https://registry.npmjs.org/accepts cache-miss
405 silly fetch manifest base64id@~2.0.0
406 silly packumentCache full:https://registry.npmjs.org/base64id cache-miss
407 silly fetch manifest cors@~2.8.5
408 silly packumentCache full:https://registry.npmjs.org/cors cache-miss
409 silly fetch manifest engine.io@~6.6.0
410 silly packumentCache full:https://registry.npmjs.org/engine.io cache-miss
411 http fetch GET 200 https://registry.npmjs.org/safe-buffer 15ms (cache hit)
412 silly packumentCache full:https://registry.npmjs.org/safe-buffer set size:41183 disposed:false
413 silly fetch manifest socket.io-adapter@~2.5.2
414 silly packumentCache full:https://registry.npmjs.org/socket.io-adapter cache-miss
415 http fetch GET 200 https://registry.npmjs.org/vary 41ms (cache miss)
416 silly packumentCache full:https://registry.npmjs.org/vary set size:undefined disposed:false
417 silly fetch manifest socket.io-parser@~4.2.4
418 silly packumentCache full:https://registry.npmjs.org/socket.io-parser cache-miss
419 http fetch GET 200 https://registry.npmjs.org/on-headers 67ms (cache miss)
420 silly packumentCache full:https://registry.npmjs.org/on-headers set size:undefined disposed:false
421 http fetch GET 200 https://registry.npmjs.org/encodeurl 64ms (cache miss)
422 silly packumentCache full:https://registry.npmjs.org/encodeurl set size:undefined disposed:false
423 http fetch GET 200 https://registry.npmjs.org/bytes 70ms (cache miss)
424 silly packumentCache full:https://registry.npmjs.org/bytes set size:undefined disposed:false
425 http fetch GET 200 https://registry.npmjs.org/accepts 69ms (cache miss)
426 silly packumentCache full:https://registry.npmjs.org/accepts set size:undefined disposed:false
427 http fetch GET 200 https://registry.npmjs.org/base64id 69ms (cache miss)
428 silly packumentCache full:https://registry.npmjs.org/base64id set size:undefined disposed:false
429 http fetch GET 200 https://registry.npmjs.org/compressible 75ms (cache miss)
430 silly packumentCache full:https://registry.npmjs.org/compressible set size:undefined disposed:false
431 http fetch GET 200 https://registry.npmjs.org/escape-html 72ms (cache miss)
432 silly packumentCache full:https://registry.npmjs.org/escape-html set size:undefined disposed:false
433 http fetch GET 200 https://registry.npmjs.org/parseurl 73ms (cache miss)
434 silly packumentCache full:https://registry.npmjs.org/parseurl set size:undefined disposed:false
435 http fetch GET 200 https://registry.npmjs.org/socket.io-adapter 61ms (cache miss)
436 silly packumentCache full:https://registry.npmjs.org/socket.io-adapter set size:undefined disposed:false
437 http fetch GET 200 https://registry.npmjs.org/cors 73ms (cache miss)
438 silly packumentCache full:https://registry.npmjs.org/cors set size:undefined disposed:false
439 http fetch GET 200 https://registry.npmjs.org/send 77ms (cache miss)
440 silly packumentCache full:https://registry.npmjs.org/send set size:undefined disposed:false
441 http fetch GET 200 https://registry.npmjs.org/jquery 84ms (cache miss)
442 silly packumentCache full:https://registry.npmjs.org/jquery set size:undefined disposed:false
443 http fetch GET 200 https://registry.npmjs.org/engine.io 82ms (cache miss)
444 silly packumentCache full:https://registry.npmjs.org/engine.io set size:undefined disposed:false
445 http fetch GET 200 https://registry.npmjs.org/negotiator 212ms (cache miss)
446 silly packumentCache full:https://registry.npmjs.org/negotiator set size:undefined disposed:false
447 http fetch GET 200 https://registry.npmjs.org/socket.io-parser 234ms (cache miss)
448 silly packumentCache full:https://registry.npmjs.org/socket.io-parser set size:undefined disposed:false
449 silly placeDep ROOT bytes@3.1.2 OK for: compression@1.8.1 want: 3.1.2
450 silly placeDep ROOT compressible@2.0.18 OK for: compression@1.8.1 want: ~2.0.18
451 silly placeDep node_modules/compression debug@2.6.9 OK for: compression@1.8.1 want: 2.6.9
452 silly placeDep ROOT negotiator@0.6.4 OK for: compression@1.8.1 want: ~0.6.4
453 silly placeDep ROOT on-headers@1.1.0 OK for: compression@1.8.1 want: ~1.1.0
454 silly placeDep ROOT safe-buffer@5.2.1 OK for: compression@1.8.1 want: 5.2.1
455 silly placeDep ROOT vary@1.1.2 OK for: compression@1.8.1 want: ~1.1.2
456 silly fetch manifest mime-db@>= 1.43.0 < 2
457 silly packumentCache full:https://registry.npmjs.org/mime-db cache-miss
458 silly fetch manifest ms@2.0.0
459 silly packumentCache full:https://registry.npmjs.org/ms cache-miss
460 http fetch GET 200 https://registry.npmjs.org/ms 4ms (cache hit)
461 silly packumentCache full:https://registry.npmjs.org/ms set size:92208 disposed:false
462 http fetch GET 200 https://registry.npmjs.org/mime-db 38ms (cache miss)
463 silly packumentCache full:https://registry.npmjs.org/mime-db set size:undefined disposed:false
464 silly placeDep ROOT mime-db@1.54.0 OK for: compressible@2.0.18 want: >= 1.43.0 < 2
465 silly placeDep ROOT jquery@3.7.1 OK for: gridstack@0.6.4 want: ^1.8 || 2 || 3
466 silly fetch manifest @types/node@>= 8
467 silly packumentCache full:https://registry.npmjs.org/@types%2fnode cache-miss
468 http fetch GET 200 https://registry.npmjs.org/@types%2fnode 23ms (cache hit)
469 silly packumentCache full:https://registry.npmjs.org/@types%2fnode set size:10972342 disposed:false
470 silly placeDep ROOT mysql2@3.22.0 OK for: node-red-node-mysql@3.0.0 want: ^3.16.0
471 silly fetch manifest long@^5.3.2
472 silly packumentCache full:https://registry.npmjs.org/long cache-miss
473 silly fetch manifest denque@^2.1.0
474 silly packumentCache full:https://registry.npmjs.org/denque cache-miss
475 silly fetch manifest lru.min@^1.1.4
476 silly packumentCache full:https://registry.npmjs.org/lru.min cache-miss
477 silly fetch manifest iconv-lite@^0.7.2
478 silly packumentCache full:https://registry.npmjs.org/iconv-lite cache-miss
479 silly fetch manifest sql-escaper@^1.3.3
480 silly packumentCache full:https://registry.npmjs.org/sql-escaper cache-miss
481 silly fetch manifest aws-ssl-profiles@^1.1.2
482 silly packumentCache full:https://registry.npmjs.org/aws-ssl-profiles cache-miss
483 silly fetch manifest generate-function@^2.3.1
484 silly packumentCache full:https://registry.npmjs.org/generate-function cache-miss
485 silly fetch manifest named-placeholders@^1.1.6
486 silly packumentCache full:https://registry.npmjs.org/named-placeholders cache-miss
487 http fetch GET 200 https://registry.npmjs.org/long 53ms (cache miss)
488 silly packumentCache full:https://registry.npmjs.org/long set size:undefined disposed:false
489 http fetch GET 200 https://registry.npmjs.org/aws-ssl-profiles 51ms (cache miss)
490 silly packumentCache full:https://registry.npmjs.org/aws-ssl-profiles set size:undefined disposed:false
491 http fetch GET 200 https://registry.npmjs.org/generate-function 52ms (cache miss)
492 silly packumentCache full:https://registry.npmjs.org/generate-function set size:undefined disposed:false
493 http fetch GET 200 https://registry.npmjs.org/named-placeholders 51ms (cache miss)
494 silly packumentCache full:https://registry.npmjs.org/named-placeholders set size:undefined disposed:false
495 http fetch GET 200 https://registry.npmjs.org/iconv-lite 54ms (cache miss)
496 silly packumentCache full:https://registry.npmjs.org/iconv-lite set size:undefined disposed:false
497 http fetch GET 200 https://registry.npmjs.org/denque 56ms (cache miss)
498 silly packumentCache full:https://registry.npmjs.org/denque set size:undefined disposed:false
499 http fetch GET 200 https://registry.npmjs.org/lru.min 57ms (cache miss)
500 silly packumentCache full:https://registry.npmjs.org/lru.min set size:undefined disposed:false
501 http fetch GET 200 https://registry.npmjs.org/sql-escaper 222ms (cache miss)
502 silly packumentCache full:https://registry.npmjs.org/sql-escaper set size:undefined disposed:false
503 silly placeDep ROOT aws-ssl-profiles@1.1.2 OK for: mysql2@3.22.0 want: ^1.1.2
504 silly placeDep ROOT denque@2.1.0 OK for: mysql2@3.22.0 want: ^2.1.0
505 silly placeDep ROOT generate-function@2.3.1 OK for: mysql2@3.22.0 want: ^2.3.1
506 silly placeDep ROOT iconv-lite@0.7.2 OK for: mysql2@3.22.0 want: ^0.7.2
507 silly placeDep ROOT long@5.3.2 OK for: mysql2@3.22.0 want: ^5.3.2
508 silly placeDep ROOT lru.min@1.1.4 OK for: mysql2@3.22.0 want: ^1.1.4
509 silly placeDep ROOT named-placeholders@1.1.6 OK for: mysql2@3.22.0 want: ^1.1.6
510 silly placeDep ROOT sql-escaper@1.3.3 OK for: mysql2@3.22.0 want: ^1.3.3
511 silly fetch manifest is-property@^1.0.2
512 silly packumentCache full:https://registry.npmjs.org/is-property cache-miss
513 silly fetch manifest safer-buffer@>= 2.1.2 < 3.0.0
514 silly packumentCache full:https://registry.npmjs.org/safer-buffer cache-miss
515 http fetch GET 200 https://registry.npmjs.org/is-property 40ms (cache miss)
516 silly packumentCache full:https://registry.npmjs.org/is-property set size:undefined disposed:false
517 http fetch GET 200 https://registry.npmjs.org/safer-buffer 44ms (cache miss)
518 silly packumentCache full:https://registry.npmjs.org/safer-buffer set size:undefined disposed:false
519 silly placeDep ROOT is-property@1.0.2 OK for: generate-function@2.3.1 want: ^1.0.2
520 silly placeDep ROOT safer-buffer@2.1.2 OK for: iconv-lite@0.7.2 want: >= 2.1.2 < 3.0.0
521 silly placeDep ROOT wrappy@1.0.2 OK for: once@1.4.0 want: 1
522 silly placeDep ROOT abort-controller@3.0.0 OK for: readable-stream@4.7.0 want: ^3.0.0
523 silly placeDep node_modules/readable-stream buffer@6.0.3 OK for: readable-stream@4.7.0 want: ^6.0.3
524 silly placeDep ROOT events@3.3.0 OK for: readable-stream@4.7.0 want: ^3.3.0
525 silly placeDep ROOT process@0.11.10 OK for: readable-stream@4.7.0 want: ^0.11.10
526 silly placeDep ROOT string_decoder@1.3.0 OK for: readable-stream@4.7.0 want: ^1.3.0
527 silly fetch manifest event-target-shim@^5.0.0
528 silly packumentCache full:https://registry.npmjs.org/event-target-shim cache-miss
529 http fetch GET 200 https://registry.npmjs.org/event-target-shim 43ms (cache miss)
530 silly packumentCache full:https://registry.npmjs.org/event-target-shim set size:undefined disposed:false
531 silly placeDep ROOT event-target-shim@5.0.1 OK for: abort-controller@3.0.0 want: ^5.0.0
532 silly placeDep ROOT worker-timers@7.1.8 OK for: retimer@4.0.0 want: ^7.0.75
533 silly fetch manifest tslib@^2.6.2
534 silly packumentCache full:https://registry.npmjs.org/tslib cache-miss
535 silly fetch manifest @babel/runtime@^7.24.5
536 silly packumentCache full:https://registry.npmjs.org/@babel%2fruntime cache-miss
537 silly fetch manifest worker-timers-broker@^6.1.8
538 silly packumentCache full:https://registry.npmjs.org/worker-timers-broker cache-miss
539 silly fetch manifest worker-timers-worker@^7.0.71
540 silly packumentCache full:https://registry.npmjs.org/worker-timers-worker cache-miss
541 http fetch GET 200 https://registry.npmjs.org/tslib 52ms (cache miss)
542 silly packumentCache full:https://registry.npmjs.org/tslib set size:undefined disposed:false
543 http fetch GET 200 https://registry.npmjs.org/@babel%2fruntime 97ms (cache miss)
544 silly packumentCache full:https://registry.npmjs.org/@babel%2fruntime set size:undefined disposed:false
545 http fetch GET 200 https://registry.npmjs.org/worker-timers-worker 227ms (cache miss)
546 silly packumentCache full:https://registry.npmjs.org/worker-timers-worker set size:undefined disposed:false
547 http fetch GET 200 https://registry.npmjs.org/worker-timers-broker 564ms (cache miss)
548 silly packumentCache full:https://registry.npmjs.org/worker-timers-broker set size:undefined disposed:false
549 silly placeDep ROOT encodeurl@2.0.0 OK for: serve-static@1.16.3 want: ~2.0.0
550 silly placeDep ROOT escape-html@1.0.3 OK for: serve-static@1.16.3 want: ~1.0.3
551 silly placeDep ROOT parseurl@1.3.3 OK for: serve-static@1.16.3 want: ~1.3.3
552 silly placeDep ROOT send@0.19.2 OK for: serve-static@1.16.3 want: ~0.19.1
553 silly fetch manifest depd@2.0.0
554 silly packumentCache full:https://registry.npmjs.org/depd cache-miss
555 silly fetch manifest etag@~1.8.1
556 silly packumentCache full:https://registry.npmjs.org/etag cache-miss
557 silly fetch manifest mime@1.6.0
558 silly packumentCache full:https://registry.npmjs.org/mime cache-miss
559 silly fetch manifest fresh@~0.5.2
560 silly packumentCache full:https://registry.npmjs.org/fresh cache-miss
561 silly fetch manifest destroy@1.2.0
562 silly packumentCache full:https://registry.npmjs.org/destroy cache-miss
563 silly fetch manifest statuses@~2.0.2
564 silly packumentCache full:https://registry.npmjs.org/statuses cache-miss
565 silly fetch manifest http-errors@~2.0.1
566 silly packumentCache full:https://registry.npmjs.org/http-errors cache-miss
567 silly fetch manifest on-finished@~2.4.1
568 silly packumentCache full:https://registry.npmjs.org/on-finished cache-miss
569 silly fetch manifest range-parser@~1.2.1
570 silly packumentCache full:https://registry.npmjs.org/range-parser cache-miss
571 http fetch GET 200 https://registry.npmjs.org/depd 44ms (cache miss)
572 silly packumentCache full:https://registry.npmjs.org/depd set size:undefined disposed:false
573 http fetch GET 200 https://registry.npmjs.org/etag 45ms (cache miss)
574 silly packumentCache full:https://registry.npmjs.org/etag set size:undefined disposed:false
575 http fetch GET 200 https://registry.npmjs.org/range-parser 48ms (cache miss)
576 silly packumentCache full:https://registry.npmjs.org/range-parser set size:undefined disposed:false
577 http fetch GET 200 https://registry.npmjs.org/on-finished 50ms (cache miss)
578 silly packumentCache full:https://registry.npmjs.org/on-finished set size:undefined disposed:false
579 http fetch GET 200 https://registry.npmjs.org/fresh 52ms (cache miss)
580 silly packumentCache full:https://registry.npmjs.org/fresh set size:undefined disposed:false
581 http fetch GET 200 https://registry.npmjs.org/destroy 53ms (cache miss)
582 silly packumentCache full:https://registry.npmjs.org/destroy set size:undefined disposed:false
583 http fetch GET 200 https://registry.npmjs.org/http-errors 54ms (cache miss)
584 silly packumentCache full:https://registry.npmjs.org/http-errors set size:undefined disposed:false
585 http fetch GET 200 https://registry.npmjs.org/mime 58ms (cache miss)
586 silly packumentCache full:https://registry.npmjs.org/mime set size:undefined disposed:false
587 http fetch GET 200 https://registry.npmjs.org/statuses 59ms (cache miss)
588 silly packumentCache full:https://registry.npmjs.org/statuses set size:undefined disposed:false
589 silly placeDep node_modules/send debug@2.6.9 OK for: send@0.19.2 want: 2.6.9
590 silly placeDep ROOT depd@2.0.0 OK for: send@0.19.2 want: 2.0.0
591 silly placeDep ROOT destroy@1.2.0 OK for: send@0.19.2 want: 1.2.0
592 silly placeDep ROOT etag@1.8.1 OK for: send@0.19.2 want: ~1.8.1
593 silly placeDep ROOT fresh@0.5.2 OK for: send@0.19.2 want: ~0.5.2
594 silly placeDep ROOT http-errors@2.0.1 OK for: send@0.19.2 want: ~2.0.1
595 silly placeDep ROOT mime@1.6.0 OK for: send@0.19.2 want: 1.6.0
596 silly placeDep ROOT on-finished@2.4.1 OK for: send@0.19.2 want: ~2.4.1
597 silly placeDep ROOT range-parser@1.2.1 OK for: send@0.19.2 want: ~1.2.1
598 silly placeDep ROOT statuses@2.0.2 OK for: send@0.19.2 want: ~2.0.2
599 silly fetch manifest setprototypeof@~1.2.0
600 silly packumentCache full:https://registry.npmjs.org/setprototypeof cache-miss
601 silly fetch manifest toidentifier@~1.0.1
602 silly packumentCache full:https://registry.npmjs.org/toidentifier cache-miss
603 silly fetch manifest ee-first@1.1.1
604 silly packumentCache full:https://registry.npmjs.org/ee-first cache-miss
605 http fetch GET 200 https://registry.npmjs.org/setprototypeof 45ms (cache miss)
606 silly packumentCache full:https://registry.npmjs.org/setprototypeof set size:undefined disposed:false
607 http fetch GET 200 https://registry.npmjs.org/ee-first 46ms (cache miss)
608 silly packumentCache full:https://registry.npmjs.org/ee-first set size:undefined disposed:false
609 http fetch GET 200 https://registry.npmjs.org/toidentifier 54ms (cache miss)
610 silly packumentCache full:https://registry.npmjs.org/toidentifier set size:undefined disposed:false
611 silly placeDep ROOT setprototypeof@1.2.0 OK for: http-errors@2.0.1 want: ~1.2.0
612 silly placeDep ROOT toidentifier@1.0.1 OK for: http-errors@2.0.1 want: ~1.0.1
613 silly placeDep ROOT ee-first@1.1.1 OK for: on-finished@2.4.1 want: 1.1.1
614 silly placeDep ROOT accepts@1.3.8 OK for: socket.io@4.8.3 want: ~1.3.4
615 silly placeDep ROOT base64id@2.0.0 OK for: socket.io@4.8.3 want: ~2.0.0
616 silly placeDep ROOT cors@2.8.6 OK for: socket.io@4.8.3 want: ~2.8.5
617 silly placeDep ROOT engine.io@6.6.6 OK for: socket.io@4.8.3 want: ~6.6.0
618 silly placeDep ROOT socket.io-adapter@2.5.6 OK for: socket.io@4.8.3 want: ~2.5.2
619 silly placeDep ROOT socket.io-parser@4.2.6 OK for: socket.io@4.8.3 want: ~4.2.4
620 silly fetch manifest mime-types@~2.1.34
621 silly packumentCache full:https://registry.npmjs.org/mime-types cache-miss
622 silly fetch manifest negotiator@0.6.3
623 silly packumentCache full:https://registry.npmjs.org/negotiator cache-miss
624 silly fetch manifest object-assign@^4
625 silly packumentCache full:https://registry.npmjs.org/object-assign cache-miss
626 silly fetch manifest @types/cors@^2.8.12
627 silly packumentCache full:https://registry.npmjs.org/@types%2fcors cache-miss
628 silly fetch manifest @types/ws@^8.5.12
629 silly packumentCache full:https://registry.npmjs.org/@types%2fws cache-miss
630 silly fetch manifest cookie@~0.7.2
631 silly packumentCache full:https://registry.npmjs.org/cookie cache-miss
632 silly fetch manifest engine.io-parser@~5.2.1
633 silly packumentCache full:https://registry.npmjs.org/engine.io-parser cache-miss
634 silly fetch manifest ws@~8.18.3
635 silly packumentCache full:https://registry.npmjs.org/ws cache-miss
636 silly fetch manifest ws@~8.18.3
637 silly packumentCache full:https://registry.npmjs.org/ws cache-miss
638 silly fetch manifest @socket.io/component-emitter@~3.1.0
639 silly packumentCache full:https://registry.npmjs.org/@socket.io%2fcomponent-emitter cache-miss
640 http fetch GET 200 https://registry.npmjs.org/negotiator 20ms (cache hit)
641 silly packumentCache full:https://registry.npmjs.org/negotiator set size:48046 disposed:false
642 http fetch GET 200 https://registry.npmjs.org/ws 19ms (cache hit)
643 silly packumentCache full:https://registry.npmjs.org/ws set size:415737 disposed:false
644 http fetch GET 200 https://registry.npmjs.org/ws 27ms (cache hit)
645 silly packumentCache full:https://registry.npmjs.org/ws set size:415737 disposed:false
646 silly packumentCache full:https://registry.npmjs.org/ws dispose
647 http fetch GET 200 https://registry.npmjs.org/object-assign 48ms (cache miss)
648 silly packumentCache full:https://registry.npmjs.org/object-assign set size:undefined disposed:false
649 http fetch GET 200 https://registry.npmjs.org/cookie 48ms (cache miss)
650 silly packumentCache full:https://registry.npmjs.org/cookie set size:undefined disposed:false
651 http fetch GET 200 https://registry.npmjs.org/mime-types 54ms (cache miss)
652 silly packumentCache full:https://registry.npmjs.org/mime-types set size:undefined disposed:false
653 http fetch GET 200 https://registry.npmjs.org/@types%2fcors 58ms (cache miss)
654 silly packumentCache full:https://registry.npmjs.org/@types%2fcors set size:undefined disposed:false
655 http fetch GET 200 https://registry.npmjs.org/engine.io-parser 58ms (cache miss)
656 silly packumentCache full:https://registry.npmjs.org/engine.io-parser set size:undefined disposed:false
657 http fetch GET 200 https://registry.npmjs.org/@types%2fws 61ms (cache miss)
658 silly packumentCache full:https://registry.npmjs.org/@types%2fws set size:undefined disposed:false
659 http fetch GET 200 https://registry.npmjs.org/@socket.io%2fcomponent-emitter 57ms (cache miss)
660 silly packumentCache full:https://registry.npmjs.org/@socket.io%2fcomponent-emitter set size:undefined disposed:false
661 silly placeDep ROOT mime-types@2.1.35 OK for: accepts@1.3.8 want: ~2.1.34
662 silly placeDep node_modules/accepts negotiator@0.6.3 OK for: accepts@1.3.8 want: 0.6.3
663 silly fetch manifest mime-db@1.52.0
664 silly packumentCache full:https://registry.npmjs.org/mime-db cache-miss
665 http fetch GET 200 https://registry.npmjs.org/mime-db 3ms (cache hit)
666 silly packumentCache full:https://registry.npmjs.org/mime-db set size:164953 disposed:false
667 silly placeDep ROOT object-assign@4.1.1 OK for: cors@2.8.6 want: ^4
668 silly fetch manifest bufferutil@^4.0.1
669 silly packumentCache full:https://registry.npmjs.org/bufferutil cache-miss
670 http fetch GET 200 https://registry.npmjs.org/bufferutil 38ms (cache miss)
671 silly packumentCache full:https://registry.npmjs.org/bufferutil set size:undefined disposed:false
672 silly fetch manifest utf-8-validate@>=5.0.2
673 silly packumentCache full:https://registry.npmjs.org/utf-8-validate cache-miss
674 http fetch GET 200 https://registry.npmjs.org/utf-8-validate 46ms (cache miss)
675 silly packumentCache full:https://registry.npmjs.org/utf-8-validate set size:undefined disposed:false
676 silly placeDep ROOT @types/cors@2.8.19 OK for: engine.io@6.6.6 want: ^2.8.12
677 silly placeDep ROOT @types/ws@8.18.1 OK for: engine.io@6.6.6 want: ^8.5.12
678 silly placeDep ROOT cookie@0.7.2 OK for: engine.io@6.6.6 want: ~0.7.2
679 silly placeDep ROOT engine.io-parser@5.2.3 OK for: engine.io@6.6.6 want: ~5.2.1
680 silly placeDep ROOT ws@8.18.3 OK for: engine.io@6.6.6 want: ~8.18.3
681 silly placeDep node_modules/mime-types mime-db@1.52.0 OK for: mime-types@2.1.35 want: 1.52.0
682 silly placeDep ROOT @socket.io/component-emitter@3.1.2 OK for: socket.io-parser@4.2.6 want: ~3.1.0
683 silly placeDep ROOT memory-pager@1.5.0 OK for: sparse-bitfield@3.0.3 want: ^1.0.2
684 silly placeDep ROOT duplexify@3.7.1 OK for: websocket-stream@5.5.2 want: ^3.5.1
685 silly placeDep node_modules/websocket-stream readable-stream@2.3.8 OK for: websocket-stream@5.5.2 want: ^2.3.3
686 silly placeDep node_modules/websocket-stream ws@3.3.3 OK for: websocket-stream@5.5.2 want: ^3.2.0
687 silly fetch manifest readable-stream@^2.0.0
688 silly packumentCache full:https://registry.npmjs.org/readable-stream cache-hit
689 silly fetch manifest stream-shift@^1.0.0
690 silly packumentCache full:https://registry.npmjs.org/stream-shift cache-miss
691 silly fetch manifest isarray@~1.0.0
692 silly packumentCache full:https://registry.npmjs.org/isarray cache-miss
693 silly fetch manifest safe-buffer@~5.1.1
694 silly packumentCache full:https://registry.npmjs.org/safe-buffer cache-hit
695 silly fetch manifest core-util-is@~1.0.0
696 silly packumentCache full:https://registry.npmjs.org/core-util-is cache-miss
697 silly fetch manifest string_decoder@~1.1.1
698 silly packumentCache full:https://registry.npmjs.org/string_decoder cache-miss
699 silly fetch manifest util-deprecate@~1.0.1
700 silly packumentCache full:https://registry.npmjs.org/util-deprecate cache-miss
701 silly fetch manifest ultron@~1.1.0
702 silly packumentCache full:https://registry.npmjs.org/ultron cache-miss
703 silly fetch manifest safe-buffer@~5.1.0
704 silly packumentCache full:https://registry.npmjs.org/safe-buffer cache-hit
705 silly fetch manifest async-limiter@~1.0.0
706 silly packumentCache full:https://registry.npmjs.org/async-limiter cache-miss
707 http fetch GET 200 https://registry.npmjs.org/string_decoder 9ms (cache hit)
708 silly packumentCache full:https://registry.npmjs.org/string_decoder set size:28441 disposed:false
709 http fetch GET 200 https://registry.npmjs.org/async-limiter 46ms (cache miss)
710 silly packumentCache full:https://registry.npmjs.org/async-limiter set size:undefined disposed:false
711 http fetch GET 200 https://registry.npmjs.org/util-deprecate 51ms (cache miss)
712 silly packumentCache full:https://registry.npmjs.org/util-deprecate set size:undefined disposed:false
713 http fetch GET 200 https://registry.npmjs.org/core-util-is 53ms (cache miss)
714 silly packumentCache full:https://registry.npmjs.org/core-util-is set size:undefined disposed:false
715 http fetch GET 200 https://registry.npmjs.org/stream-shift 55ms (cache miss)
716 silly packumentCache full:https://registry.npmjs.org/stream-shift set size:undefined disposed:false
717 http fetch GET 200 https://registry.npmjs.org/isarray 54ms (cache miss)
718 silly packumentCache full:https://registry.npmjs.org/isarray set size:undefined disposed:false
719 http fetch GET 200 https://registry.npmjs.org/ultron 215ms (cache miss)
720 silly packumentCache full:https://registry.npmjs.org/ultron set size:undefined disposed:false
721 silly placeDep node_modules/duplexify readable-stream@2.3.8 OK for: duplexify@3.7.1 want: ^2.0.0
722 silly placeDep ROOT stream-shift@1.0.3 OK for: duplexify@3.7.1 want: ^1.0.0
723 silly placeDep ROOT tr46@5.1.1 OK for: whatwg-url@14.2.0 want: ^5.1.0
724 silly placeDep ROOT webidl-conversions@7.0.0 OK for: whatwg-url@14.2.0 want: ^7.0.0
725 silly fetch manifest punycode@^2.3.1
726 silly packumentCache full:https://registry.npmjs.org/punycode cache-miss
727 http fetch GET 200 https://registry.npmjs.org/punycode 40ms (cache miss)
728 silly packumentCache full:https://registry.npmjs.org/punycode set size:undefined disposed:false
729 silly placeDep ROOT punycode@2.3.1 OK for: tr46@5.1.1 want: ^2.3.1
730 silly placeDep ROOT @babel/runtime@7.29.2 OK for: worker-timers@7.1.8 want: ^7.24.5
731 silly placeDep ROOT tslib@2.8.1 OK for: worker-timers@7.1.8 want: ^2.6.2
732 silly placeDep ROOT worker-timers-broker@6.1.8 OK for: worker-timers@7.1.8 want: ^6.1.8
733 silly placeDep ROOT worker-timers-worker@7.0.71 OK for: worker-timers@7.1.8 want: ^7.0.71
734 silly fetch manifest fast-unique-numbers@^8.0.13
735 silly packumentCache full:https://registry.npmjs.org/fast-unique-numbers cache-miss
736 http fetch GET 200 https://registry.npmjs.org/fast-unique-numbers 225ms (cache miss)
737 silly packumentCache full:https://registry.npmjs.org/fast-unique-numbers set size:undefined disposed:false
738 silly placeDep ROOT fast-unique-numbers@8.0.13 OK for: worker-timers-broker@6.1.8 want: ^8.0.13
739 silly placeDep node_modules/aedes-packet bl@4.1.0 OK for: mqtt-packet@7.1.2 want: ^4.0.2
740 silly fetch manifest readable-stream@^3.4.0
741 silly packumentCache full:https://registry.npmjs.org/readable-stream cache-hit
742 silly placeDep node_modules/aedes-packet readable-stream@3.6.2 OK for: bl@4.1.0 want: ^3.4.0
743 silly fetch manifest util-deprecate@^1.0.1
744 silly packumentCache full:https://registry.npmjs.org/util-deprecate cache-miss
745 http fetch GET 200 https://registry.npmjs.org/util-deprecate 2ms (cache hit)
746 silly packumentCache full:https://registry.npmjs.org/util-deprecate set size:6674 disposed:false
747 silly placeDep ROOT util-deprecate@1.0.2 OK for: readable-stream@3.6.2 want: ^1.0.1
748 silly placeDep node_modules/compression ms@2.0.0 OK for: debug@2.6.9 want: 2.0.0
749 silly placeDep ROOT core-util-is@1.0.3 OK for: readable-stream@2.3.8 want: ~1.0.0
750 silly placeDep ROOT isarray@1.0.0 OK for: readable-stream@2.3.8 want: ~1.0.0
751 silly placeDep node_modules/duplexify safe-buffer@5.1.2 OK for: readable-stream@2.3.8 want: ~5.1.1
752 silly placeDep node_modules/duplexify string_decoder@1.1.1 OK for: readable-stream@2.3.8 want: ~1.1.1
753 silly placeDep node_modules/send/node_modules/debug ms@2.0.0 OK for: debug@2.6.9 want: 2.0.0
754 silly placeDep node_modules/websocket-stream safe-buffer@5.1.2 OK for: readable-stream@2.3.8 want: ~5.1.1
755 silly placeDep node_modules/websocket-stream string_decoder@1.1.1 OK for: readable-stream@2.3.8 want: ~1.1.1
756 silly placeDep ROOT async-limiter@1.0.1 OK for: ws@3.3.3 want: ~1.0.0
757 silly placeDep ROOT ultron@1.1.1 OK for: ws@3.3.3 want: ~1.1.0
758 silly reify moves {}
759 silly tarball no local data for isarray@https://registry.npmjs.org/isarray/-/isarray-1.0.0.tgz. Extracting by manifest.
760 silly tarball no local data for ultron@https://registry.npmjs.org/ultron/-/ultron-1.1.1.tgz. Extracting by manifest.
761 silly tarball no local data for async-limiter@https://registry.npmjs.org/async-limiter/-/async-limiter-1.0.1.tgz. Extracting by manifest.
762 silly tarball no local data for core-util-is@https://registry.npmjs.org/core-util-is/-/core-util-is-1.0.3.tgz. Extracting by manifest.
763 silly tarball no local data for util-deprecate@https://registry.npmjs.org/util-deprecate/-/util-deprecate-1.0.2.tgz. Extracting by manifest.
764 silly tarball no local data for worker-timers-worker@https://registry.npmjs.org/worker-timers-worker/-/worker-timers-worker-7.0.71.tgz. Extracting by manifest.
765 silly tarball no local data for fast-unique-numbers@https://registry.npmjs.org/fast-unique-numbers/-/fast-unique-numbers-8.0.13.tgz. Extracting by manifest.
766 silly tarball no local data for worker-timers-broker@https://registry.npmjs.org/worker-timers-broker/-/worker-timers-broker-6.1.8.tgz. Extracting by manifest.
767 silly tarball no local data for @babel/runtime@https://registry.npmjs.org/@babel/runtime/-/runtime-7.29.2.tgz. Extracting by manifest.
768 silly tarball no local data for tslib@https://registry.npmjs.org/tslib/-/tslib-2.8.1.tgz. Extracting by manifest.
769 silly tarball no local data for punycode@https://registry.npmjs.org/punycode/-/punycode-2.3.1.tgz. Extracting by manifest.
770 silly tarball no local data for tr46@https://registry.npmjs.org/tr46/-/tr46-5.1.1.tgz. Extracting by manifest.
771 silly tarball no local data for stream-shift@https://registry.npmjs.org/stream-shift/-/stream-shift-1.0.3.tgz. Extracting by manifest.
772 silly tarball no local data for memory-pager@https://registry.npmjs.org/memory-pager/-/memory-pager-1.5.0.tgz. Extracting by manifest.
773 silly tarball no local data for duplexify@https://registry.npmjs.org/duplexify/-/duplexify-3.7.1.tgz. Extracting by manifest.
774 silly tarball no local data for webidl-conversions@https://registry.npmjs.org/webidl-conversions/-/webidl-conversions-7.0.0.tgz. Extracting by manifest.
775 silly tarball no local data for engine.io-parser@https://registry.npmjs.org/engine.io-parser/-/engine.io-parser-5.2.3.tgz. Extracting by manifest.
776 silly tarball no local data for ws@https://registry.npmjs.org/ws/-/ws-8.18.3.tgz. Extracting by manifest.
777 silly tarball no local data for @socket.io/component-emitter@https://registry.npmjs.org/@socket.io/component-emitter/-/component-emitter-3.1.2.tgz. Extracting by manifest.
778 silly tarball no local data for @types/ws@https://registry.npmjs.org/@types/ws/-/ws-8.18.1.tgz. Extracting by manifest.
779 silly tarball no local data for cookie@https://registry.npmjs.org/cookie/-/cookie-0.7.2.tgz. Extracting by manifest.
780 silly tarball no local data for object-assign@https://registry.npmjs.org/object-assign/-/object-assign-4.1.1.tgz. Extracting by manifest.
781 silly tarball no local data for @types/cors@https://registry.npmjs.org/@types/cors/-/cors-2.8.19.tgz. Extracting by manifest.
782 silly tarball no local data for socket.io-parser@https://registry.npmjs.org/socket.io-parser/-/socket.io-parser-4.2.6.tgz. Extracting by manifest.
783 silly tarball no local data for cors@https://registry.npmjs.org/cors/-/cors-2.8.6.tgz. Extracting by manifest.
784 silly tarball no local data for mime-types@https://registry.npmjs.org/mime-types/-/mime-types-2.1.35.tgz. Extracting by manifest.
785 silly tarball no local data for engine.io@https://registry.npmjs.org/engine.io/-/engine.io-6.6.6.tgz. Extracting by manifest.
786 silly tarball no local data for accepts@https://registry.npmjs.org/accepts/-/accepts-1.3.8.tgz. Extracting by manifest.
787 silly tarball no local data for ee-first@https://registry.npmjs.org/ee-first/-/ee-first-1.1.1.tgz. Extracting by manifest.
788 silly tarball no local data for socket.io-adapter@https://registry.npmjs.org/socket.io-adapter/-/socket.io-adapter-2.5.6.tgz. Extracting by manifest.
789 silly tarball no local data for toidentifier@https://registry.npmjs.org/toidentifier/-/toidentifier-1.0.1.tgz. Extracting by manifest.
790 silly tarball no local data for base64id@https://registry.npmjs.org/base64id/-/base64id-2.0.0.tgz. Extracting by manifest.
791 silly tarball no local data for statuses@https://registry.npmjs.org/statuses/-/statuses-2.0.2.tgz. Extracting by manifest.
792 silly tarball no local data for on-finished@https://registry.npmjs.org/on-finished/-/on-finished-2.4.1.tgz. Extracting by manifest.
793 silly tarball no local data for setprototypeof@https://registry.npmjs.org/setprototypeof/-/setprototypeof-1.2.0.tgz. Extracting by manifest.
794 silly tarball no local data for range-parser@https://registry.npmjs.org/range-parser/-/range-parser-1.2.1.tgz. Extracting by manifest.
795 silly tarball no local data for mime@https://registry.npmjs.org/mime/-/mime-1.6.0.tgz. Extracting by manifest.
796 silly tarball no local data for etag@https://registry.npmjs.org/etag/-/etag-1.8.1.tgz. Extracting by manifest.
797 silly tarball no local data for http-errors@https://registry.npmjs.org/http-errors/-/http-errors-2.0.1.tgz. Extracting by manifest.
798 silly tarball no local data for destroy@https://registry.npmjs.org/destroy/-/destroy-1.2.0.tgz. Extracting by manifest.
799 silly tarball no local data for fresh@https://registry.npmjs.org/fresh/-/fresh-0.5.2.tgz. Extracting by manifest.
800 silly tarball no local data for parseurl@https://registry.npmjs.org/parseurl/-/parseurl-1.3.3.tgz. Extracting by manifest.
801 silly tarball no local data for send@https://registry.npmjs.org/send/-/send-0.19.2.tgz. Extracting by manifest.
802 silly tarball no local data for depd@https://registry.npmjs.org/depd/-/depd-2.0.0.tgz. Extracting by manifest.
803 silly tarball no local data for encodeurl@https://registry.npmjs.org/encodeurl/-/encodeurl-2.0.0.tgz. Extracting by manifest.
804 silly tarball no local data for escape-html@https://registry.npmjs.org/escape-html/-/escape-html-1.0.3.tgz. Extracting by manifest.
805 silly tarball no local data for worker-timers@https://registry.npmjs.org/worker-timers/-/worker-timers-7.1.8.tgz. Extracting by manifest.
806 silly tarball no local data for process@https://registry.npmjs.org/process/-/process-0.11.10.tgz. Extracting by manifest.
807 silly tarball no local data for event-target-shim@https://registry.npmjs.org/event-target-shim/-/event-target-shim-5.0.1.tgz. Extracting by manifest.
808 silly tarball no local data for safer-buffer@https://registry.npmjs.org/safer-buffer/-/safer-buffer-2.1.2.tgz. Extracting by manifest.
809 silly tarball no local data for events@https://registry.npmjs.org/events/-/events-3.3.0.tgz. Extracting by manifest.
810 silly tarball no local data for abort-controller@https://registry.npmjs.org/abort-controller/-/abort-controller-3.0.0.tgz. Extracting by manifest.
811 silly tarball no local data for string_decoder@https://registry.npmjs.org/string_decoder/-/string_decoder-1.3.0.tgz. Extracting by manifest.
812 silly tarball no local data for is-property@https://registry.npmjs.org/is-property/-/is-property-1.0.2.tgz. Extracting by manifest.
813 silly tarball no local data for wrappy@https://registry.npmjs.org/wrappy/-/wrappy-1.0.2.tgz. Extracting by manifest.
814 silly tarball no local data for lru.min@https://registry.npmjs.org/lru.min/-/lru.min-1.1.4.tgz. Extracting by manifest.
815 silly tarball no local data for named-placeholders@https://registry.npmjs.org/named-placeholders/-/named-placeholders-1.1.6.tgz. Extracting by manifest.
816 silly tarball no local data for long@https://registry.npmjs.org/long/-/long-5.3.2.tgz. Extracting by manifest.
817 silly tarball no local data for sql-escaper@https://registry.npmjs.org/sql-escaper/-/sql-escaper-1.3.3.tgz. Extracting by manifest.
818 silly tarball no local data for generate-function@https://registry.npmjs.org/generate-function/-/generate-function-2.3.1.tgz. Extracting by manifest.
819 silly tarball no local data for mysql2@https://registry.npmjs.org/mysql2/-/mysql2-3.22.0.tgz. Extracting by manifest.
820 silly tarball no local data for iconv-lite@https://registry.npmjs.org/iconv-lite/-/iconv-lite-0.7.2.tgz. Extracting by manifest.
821 silly tarball no local data for denque@https://registry.npmjs.org/denque/-/denque-2.1.0.tgz. Extracting by manifest.
822 silly tarball no local data for jquery@https://registry.npmjs.org/jquery/-/jquery-3.7.1.tgz. Extracting by manifest.
823 silly tarball no local data for mime-db@https://registry.npmjs.org/mime-db/-/mime-db-1.54.0.tgz. Extracting by manifest.
824 silly tarball no local data for vary@https://registry.npmjs.org/vary/-/vary-1.1.2.tgz. Extracting by manifest.
825 silly tarball no local data for aws-ssl-profiles@https://registry.npmjs.org/aws-ssl-profiles/-/aws-ssl-profiles-1.1.2.tgz. Extracting by manifest.
826 silly tarball no local data for safe-buffer@https://registry.npmjs.org/safe-buffer/-/safe-buffer-5.2.1.tgz. Extracting by manifest.
827 silly tarball no local data for on-headers@https://registry.npmjs.org/on-headers/-/on-headers-1.1.0.tgz. Extracting by manifest.
828 silly tarball no local data for compressible@https://registry.npmjs.org/compressible/-/compressible-2.0.18.tgz. Extracting by manifest.
829 silly tarball no local data for serve-static@https://registry.npmjs.org/serve-static/-/serve-static-1.16.3.tgz. Extracting by manifest.
830 silly tarball no local data for bytes@https://registry.npmjs.org/bytes/-/bytes-3.1.2.tgz. Extracting by manifest.
831 silly tarball no local data for negotiator@https://registry.npmjs.org/negotiator/-/negotiator-0.6.4.tgz. Extracting by manifest.
832 silly tarball no local data for compression@https://registry.npmjs.org/compression/-/compression-1.8.1.tgz. Extracting by manifest.
833 silly tarball no local data for gridstack@https://registry.npmjs.org/gridstack/-/gridstack-0.6.4.tgz. Extracting by manifest.
834 silly tarball no local data for socket.io@https://registry.npmjs.org/socket.io/-/socket.io-4.8.3.tgz. Extracting by manifest.
835 silly tarball no local data for undici-types@https://registry.npmjs.org/undici-types/-/undici-types-7.19.2.tgz. Extracting by manifest.
836 silly tarball no local data for @types/node@https://registry.npmjs.org/@types/node/-/node-25.6.0.tgz. Extracting by manifest.
837 silly tarball no local data for ms@https://registry.npmjs.org/ms/-/ms-2.1.3.tgz. Extracting by manifest.
838 silly tarball no local data for inherits@https://registry.npmjs.org/inherits/-/inherits-2.0.4.tgz. Extracting by manifest.
839 silly tarball no local data for process-nextick-args@https://registry.npmjs.org/process-nextick-args/-/process-nextick-args-2.0.1.tgz. Extracting by manifest.
840 silly tarball no local data for readable-stream@https://registry.npmjs.org/readable-stream/-/readable-stream-4.7.0.tgz. Extracting by manifest.
841 silly tarball no local data for debug@https://registry.npmjs.org/debug/-/debug-4.4.3.tgz. Extracting by manifest.
842 silly tarball no local data for @types/readable-stream@https://registry.npmjs.org/@types/readable-stream/-/readable-stream-4.0.23.tgz. Extracting by manifest.
843 silly tarball no local data for bl@https://registry.npmjs.org/bl/-/bl-6.1.6.tgz. Extracting by manifest.
844 silly tarball no local data for @types/whatwg-url@https://registry.npmjs.org/@types/whatwg-url/-/whatwg-url-11.0.5.tgz. Extracting by manifest.
845 silly tarball no local data for @types/webidl-conversions@https://registry.npmjs.org/@types/webidl-conversions/-/webidl-conversions-7.0.3.tgz. Extracting by manifest.
846 silly tarball no local data for sparse-bitfield@https://registry.npmjs.org/sparse-bitfield/-/sparse-bitfield-3.0.3.tgz. Extracting by manifest.
847 silly tarball no local data for whatwg-url@https://registry.npmjs.org/whatwg-url/-/whatwg-url-14.2.0.tgz. Extracting by manifest.
848 silly tarball no local data for @mongodb-js/saslprep@https://registry.npmjs.org/@mongodb-js/saslprep/-/saslprep-1.4.6.tgz. Extracting by manifest.
849 silly tarball no local data for mongodb-connection-string-url@https://registry.npmjs.org/mongodb-connection-string-url/-/mongodb-connection-string-url-3.0.2.tgz. Extracting by manifest.
850 silly tarball no local data for bson@https://registry.npmjs.org/bson/-/bson-6.10.4.tgz. Extracting by manifest.
851 silly tarball no local data for ieee754@https://registry.npmjs.org/ieee754/-/ieee754-1.2.1.tgz. Extracting by manifest.
852 silly tarball no local data for buffer@https://registry.npmjs.org/buffer/-/buffer-5.7.1.tgz. Extracting by manifest.
853 silly tarball no local data for base64-js@https://registry.npmjs.org/base64-js/-/base64-js-1.5.1.tgz. Extracting by manifest.
854 silly tarball no local data for xtend@https://registry.npmjs.org/xtend/-/xtend-4.0.2.tgz. Extracting by manifest.
855 silly tarball no local data for mongodb@https://registry.npmjs.org/mongodb/-/mongodb-6.17.0.tgz. Extracting by manifest.
856 silly tarball no local data for uuid-parse@https://registry.npmjs.org/uuid-parse/-/uuid-parse-1.1.0.tgz. Extracting by manifest.
857 silly tarball no local data for escape-string-regexp@https://registry.npmjs.org/escape-string-regexp/-/escape-string-regexp-4.0.0.tgz. Extracting by manifest.
858 silly tarball no local data for once@https://registry.npmjs.org/once/-/once-1.4.0.tgz. Extracting by manifest.
859 silly tarball no local data for uuid@https://registry.npmjs.org/uuid/-/uuid-10.0.0.tgz. Extracting by manifest.
860 silly tarball no local data for reusify@https://registry.npmjs.org/reusify/-/reusify-1.1.0.tgz. Extracting by manifest.
861 silly tarball no local data for qlobber@https://registry.npmjs.org/qlobber/-/qlobber-7.0.1.tgz. Extracting by manifest.
862 silly tarball no local data for mqtt-packet@https://registry.npmjs.org/mqtt-packet/-/mqtt-packet-9.0.2.tgz. Extracting by manifest.
863 silly tarball no local data for retimer@https://registry.npmjs.org/retimer/-/retimer-4.0.0.tgz. Extracting by manifest.
864 silly tarball no local data for hyperid@https://registry.npmjs.org/hyperid/-/hyperid-3.3.0.tgz. Extracting by manifest.
865 silly tarball no local data for mqemitter@https://registry.npmjs.org/mqemitter/-/mqemitter-6.0.2.tgz. Extracting by manifest.
866 silly tarball no local data for fastseries@https://registry.npmjs.org/fastseries/-/fastseries-2.0.0.tgz. Extracting by manifest.
867 silly tarball no local data for fastparallel@https://registry.npmjs.org/fastparallel/-/fastparallel-2.4.1.tgz. Extracting by manifest.
868 silly tarball no local data for fastfall@https://registry.npmjs.org/fastfall/-/fastfall-1.5.1.tgz. Extracting by manifest.
869 silly tarball no local data for end-of-stream@https://registry.npmjs.org/end-of-stream/-/end-of-stream-1.4.5.tgz. Extracting by manifest.
870 silly tarball no local data for aedes-persistence@https://registry.npmjs.org/aedes-persistence/-/aedes-persistence-9.1.2.tgz. Extracting by manifest.
871 silly tarball no local data for aedes@https://registry.npmjs.org/aedes/-/aedes-0.51.3.tgz. Extracting by manifest.
872 silly tarball no local data for websocket-stream@https://registry.npmjs.org/websocket-stream/-/websocket-stream-5.5.2.tgz. Extracting by manifest.
873 silly tarball no local data for aedes-persistence-mongodb@https://registry.npmjs.org/aedes-persistence-mongodb/-/aedes-persistence-mongodb-9.4.1.tgz. Extracting by manifest.
874 silly tarball no local data for aedes-packet@https://registry.npmjs.org/aedes-packet/-/aedes-packet-3.0.0.tgz. Extracting by manifest.
875 silly tarball no local data for node-red-node-mysql@https://registry.npmjs.org/node-red-node-mysql/-/node-red-node-mysql-3.0.0.tgz. Extracting by manifest.
876 silly tarball no local data for node-red-dashboard@https://registry.npmjs.org/node-red-dashboard/-/node-red-dashboard-3.6.6.tgz. Extracting by manifest.
877 silly tarball no local data for node-red-contrib-aedes@https://registry.npmjs.org/node-red-contrib-aedes/-/node-red-contrib-aedes-0.13.2.tgz. Extracting by manifest.
878 silly tarball no local data for string_decoder@https://registry.npmjs.org/string_decoder/-/string_decoder-1.1.1.tgz. Extracting by manifest.
879 silly tarball no local data for safe-buffer@https://registry.npmjs.org/safe-buffer/-/safe-buffer-5.1.2.tgz. Extracting by manifest.
880 silly tarball no local data for mime-db@https://registry.npmjs.org/mime-db/-/mime-db-1.52.0.tgz. Extracting by manifest.
881 silly tarball no local data for readable-stream@https://registry.npmjs.org/readable-stream/-/readable-stream-2.3.8.tgz. Extracting by manifest.
882 silly tarball no local data for debug@https://registry.npmjs.org/debug/-/debug-2.6.9.tgz. Extracting by manifest.
883 silly tarball no local data for negotiator@https://registry.npmjs.org/negotiator/-/negotiator-0.6.3.tgz. Extracting by manifest.
884 silly tarball no local data for ms@https://registry.npmjs.org/ms/-/ms-2.0.0.tgz. Extracting by manifest.
885 silly tarball no local data for ms@https://registry.npmjs.org/ms/-/ms-2.0.0.tgz. Extracting by manifest.
886 silly tarball no local data for debug@https://registry.npmjs.org/debug/-/debug-2.6.9.tgz. Extracting by manifest.
887 silly tarball no local data for uuid@https://registry.npmjs.org/uuid/-/uuid-8.3.2.tgz. Extracting by manifest.
888 silly tarball no local data for qlobber@https://registry.npmjs.org/qlobber/-/qlobber-8.0.1.tgz. Extracting by manifest.
889 silly tarball no local data for buffer@https://registry.npmjs.org/buffer/-/buffer-6.0.3.tgz. Extracting by manifest.
890 silly tarball no local data for buffer@https://registry.npmjs.org/buffer/-/buffer-6.0.3.tgz. Extracting by manifest.
891 silly tarball no local data for bl@https://registry.npmjs.org/bl/-/bl-4.1.0.tgz. Extracting by manifest.
892 silly tarball no local data for mqtt-packet@https://registry.npmjs.org/mqtt-packet/-/mqtt-packet-7.1.2.tgz. Extracting by manifest.
893 silly tarball no local data for readable-stream@https://registry.npmjs.org/readable-stream/-/readable-stream-3.6.2.tgz. Extracting by manifest.
894 silly tarball no local data for string_decoder@https://registry.npmjs.org/string_decoder/-/string_decoder-1.1.1.tgz. Extracting by manifest.
895 silly tarball no local data for safe-buffer@https://registry.npmjs.org/safe-buffer/-/safe-buffer-5.1.2.tgz. Extracting by manifest.
896 silly tarball no local data for ws@https://registry.npmjs.org/ws/-/ws-3.3.3.tgz. Extracting by manifest.
897 silly tarball no local data for readable-stream@https://registry.npmjs.org/readable-stream/-/readable-stream-2.3.8.tgz. Extracting by manifest.
898 silly tarball no local data for aedes-persistence@https://registry.npmjs.org/aedes-persistence/-/aedes-persistence-10.2.2.tgz. Extracting by manifest.
899 silly tarball no local data for qlobber@https://registry.npmjs.org/qlobber/-/qlobber-8.0.1.tgz. Extracting by manifest.
900 http fetch GET 200 https://registry.npmjs.org/util-deprecate/-/util-deprecate-1.0.2.tgz 227ms (cache miss)
901 http fetch GET 200 https://registry.npmjs.org/async-limiter/-/async-limiter-1.0.1.tgz 229ms (cache miss)
902 http fetch GET 200 https://registry.npmjs.org/isarray/-/isarray-1.0.0.tgz 249ms (cache miss)
903 http fetch GET 200 https://registry.npmjs.org/duplexify/-/duplexify-3.7.1.tgz 243ms (cache miss)
904 http fetch GET 200 https://registry.npmjs.org/stream-shift/-/stream-shift-1.0.3.tgz 244ms (cache miss)
905 http fetch GET 200 https://registry.npmjs.org/memory-pager/-/memory-pager-1.5.0.tgz 249ms (cache miss)
906 http fetch GET 200 https://registry.npmjs.org/core-util-is/-/core-util-is-1.0.3.tgz 259ms (cache miss)
907 http fetch GET 200 https://registry.npmjs.org/punycode/-/punycode-2.3.1.tgz 257ms (cache miss)
908 http fetch GET 200 https://registry.npmjs.org/ultron/-/ultron-1.1.1.tgz 261ms (cache miss)
909 http fetch GET 200 https://registry.npmjs.org/fast-unique-numbers/-/fast-unique-numbers-8.0.13.tgz 259ms (cache miss)
910 http fetch GET 200 https://registry.npmjs.org/cors/-/cors-2.8.6.tgz 249ms (cache miss)
911 http fetch GET 200 https://registry.npmjs.org/socket.io-parser/-/socket.io-parser-4.2.6.tgz 249ms (cache miss)
912 http fetch GET 200 https://registry.npmjs.org/accepts/-/accepts-1.3.8.tgz 248ms (cache miss)
913 http fetch GET 200 https://registry.npmjs.org/webidl-conversions/-/webidl-conversions-7.0.0.tgz 258ms (cache miss)
914 http fetch GET 200 https://registry.npmjs.org/object-assign/-/object-assign-4.1.1.tgz 258ms (cache miss)
915 http fetch GET 200 https://registry.npmjs.org/@socket.io/component-emitter/-/component-emitter-3.1.2.tgz 262ms (cache miss)
916 http fetch GET 200 https://registry.npmjs.org/@types/ws/-/ws-8.18.1.tgz 267ms (cache miss)
917 http fetch GET 200 https://registry.npmjs.org/cookie/-/cookie-0.7.2.tgz 269ms (cache miss)
918 http fetch GET 200 https://registry.npmjs.org/ee-first/-/ee-first-1.1.1.tgz 274ms (cache miss)
919 http fetch GET 200 https://registry.npmjs.org/mime-types/-/mime-types-2.1.35.tgz 282ms (cache miss)
920 http fetch GET 200 https://registry.npmjs.org/base64id/-/base64id-2.0.0.tgz 291ms (cache miss)
921 http fetch GET 200 https://registry.npmjs.org/socket.io-adapter/-/socket.io-adapter-2.5.6.tgz 293ms (cache miss)
922 http fetch GET 200 https://registry.npmjs.org/toidentifier/-/toidentifier-1.0.1.tgz 297ms (cache miss)
923 http fetch GET 200 https://registry.npmjs.org/range-parser/-/range-parser-1.2.1.tgz 294ms (cache miss)
924 http fetch GET 200 https://registry.npmjs.org/tr46/-/tr46-5.1.1.tgz 313ms (cache miss)
925 http fetch GET 200 https://registry.npmjs.org/setprototypeof/-/setprototypeof-1.2.0.tgz 300ms (cache miss)
926 http fetch GET 200 https://registry.npmjs.org/on-finished/-/on-finished-2.4.1.tgz 302ms (cache miss)
927 http fetch GET 200 https://registry.npmjs.org/statuses/-/statuses-2.0.2.tgz 302ms (cache miss)
928 http fetch GET 200 https://registry.npmjs.org/http-errors/-/http-errors-2.0.1.tgz 303ms (cache miss)
929 http fetch GET 200 https://registry.npmjs.org/send/-/send-0.19.2.tgz 307ms (cache miss)
930 http fetch GET 200 https://registry.npmjs.org/tslib/-/tslib-2.8.1.tgz 335ms (cache miss)
931 http fetch GET 200 https://registry.npmjs.org/etag/-/etag-1.8.1.tgz 319ms (cache miss)
932 http fetch GET 200 https://registry.npmjs.org/destroy/-/destroy-1.2.0.tgz 318ms (cache miss)
933 http fetch GET 200 https://registry.npmjs.org/encodeurl/-/encodeurl-2.0.0.tgz 316ms (cache miss)
934 http fetch GET 200 https://registry.npmjs.org/fresh/-/fresh-0.5.2.tgz 319ms (cache miss)
935 http fetch GET 200 https://registry.npmjs.org/depd/-/depd-2.0.0.tgz 326ms (cache miss)
936 http fetch GET 200 https://registry.npmjs.org/mime/-/mime-1.6.0.tgz 336ms (cache miss)
937 http fetch GET 200 https://registry.npmjs.org/escape-html/-/escape-html-1.0.3.tgz 336ms (cache miss)
938 http fetch GET 200 https://registry.npmjs.org/worker-timers-broker/-/worker-timers-broker-6.1.8.tgz 361ms (cache miss)
939 http fetch GET 200 https://registry.npmjs.org/parseurl/-/parseurl-1.3.3.tgz 343ms (cache miss)
940 http fetch GET 200 https://registry.npmjs.org/process/-/process-0.11.10.tgz 351ms (cache miss)
941 http fetch GET 200 https://registry.npmjs.org/safer-buffer/-/safer-buffer-2.1.2.tgz 350ms (cache miss)
942 http fetch GET 200 https://registry.npmjs.org/lru.min/-/lru.min-1.1.4.tgz 369ms (cache miss)
943 http fetch GET 200 https://registry.npmjs.org/wrappy/-/wrappy-1.0.2.tgz 374ms (cache miss)
944 http fetch GET 200 https://registry.npmjs.org/denque/-/denque-2.1.0.tgz 385ms (cache miss)
945 http fetch GET 200 https://registry.npmjs.org/named-placeholders/-/named-placeholders-1.1.6.tgz 391ms (cache miss)
946 http fetch GET 200 https://registry.npmjs.org/abort-controller/-/abort-controller-3.0.0.tgz 401ms (cache miss)
947 http fetch GET 200 https://registry.npmjs.org/sql-escaper/-/sql-escaper-1.3.3.tgz 396ms (cache miss)
948 http fetch GET 200 https://registry.npmjs.org/is-property/-/is-property-1.0.2.tgz 401ms (cache miss)
949 http fetch GET 200 https://registry.npmjs.org/generate-function/-/generate-function-2.3.1.tgz 399ms (cache miss)
950 http fetch GET 200 https://registry.npmjs.org/long/-/long-5.3.2.tgz 412ms (cache miss)
951 http fetch GET 200 https://registry.npmjs.org/on-headers/-/on-headers-1.1.0.tgz 408ms (cache miss)
952 http fetch GET 200 https://registry.npmjs.org/vary/-/vary-1.1.2.tgz 410ms (cache miss)
953 http fetch GET 200 https://registry.npmjs.org/serve-static/-/serve-static-1.16.3.tgz 408ms (cache miss)
954 http fetch GET 200 https://registry.npmjs.org/string_decoder/-/string_decoder-1.3.0.tgz 424ms (cache miss)
955 http fetch GET 200 https://registry.npmjs.org/compressible/-/compressible-2.0.18.tgz 415ms (cache miss)
956 http fetch GET 200 https://registry.npmjs.org/safe-buffer/-/safe-buffer-5.2.1.tgz 426ms (cache miss)
957 http fetch GET 200 https://registry.npmjs.org/bytes/-/bytes-3.1.2.tgz 425ms (cache miss)
958 http fetch GET 200 https://registry.npmjs.org/event-target-shim/-/event-target-shim-5.0.1.tgz 446ms (cache miss)
959 http fetch GET 200 https://registry.npmjs.org/ws/-/ws-8.18.3.tgz 468ms (cache miss)
960 http fetch GET 200 https://registry.npmjs.org/ms/-/ms-2.1.3.tgz 438ms (cache miss)
961 http fetch GET 200 https://registry.npmjs.org/mime-db/-/mime-db-1.54.0.tgz 448ms (cache miss)
962 http fetch GET 200 https://registry.npmjs.org/@types/cors/-/cors-2.8.19.tgz 470ms (cache miss)
963 http fetch GET 200 https://registry.npmjs.org/negotiator/-/negotiator-0.6.4.tgz 446ms (cache miss)
964 http fetch GET 200 https://registry.npmjs.org/compression/-/compression-1.8.1.tgz 445ms (cache miss)
965 http fetch GET 200 https://registry.npmjs.org/@types/whatwg-url/-/whatwg-url-11.0.5.tgz 443ms (cache miss)
966 http fetch GET 200 https://registry.npmjs.org/debug/-/debug-4.4.3.tgz 445ms (cache miss)
967 http fetch GET 200 https://registry.npmjs.org/inherits/-/inherits-2.0.4.tgz 456ms (cache miss)
968 http fetch GET 200 https://registry.npmjs.org/process-nextick-args/-/process-nextick-args-2.0.1.tgz 456ms (cache miss)
969 http fetch GET 200 https://registry.npmjs.org/engine.io-parser/-/engine.io-parser-5.2.3.tgz 492ms (cache miss)
970 http fetch GET 200 https://registry.npmjs.org/worker-timers/-/worker-timers-7.1.8.tgz 475ms (cache miss)
971 http fetch GET 200 https://registry.npmjs.org/@types/webidl-conversions/-/webidl-conversions-7.0.3.tgz 456ms (cache miss)
972 http fetch GET 200 https://registry.npmjs.org/sparse-bitfield/-/sparse-bitfield-3.0.3.tgz 455ms (cache miss)
973 http fetch GET 200 https://registry.npmjs.org/mongodb-connection-string-url/-/mongodb-connection-string-url-3.0.2.tgz 461ms (cache miss)
974 http fetch GET 200 https://registry.npmjs.org/ieee754/-/ieee754-1.2.1.tgz 480ms (cache miss)
975 http fetch GET 200 https://registry.npmjs.org/base64-js/-/base64-js-1.5.1.tgz 500ms (cache miss)
976 http fetch GET 200 https://registry.npmjs.org/escape-string-regexp/-/escape-string-regexp-4.0.0.tgz 499ms (cache miss)
977 http fetch GET 200 https://registry.npmjs.org/xtend/-/xtend-4.0.2.tgz 500ms (cache miss)
978 http fetch GET 200 https://registry.npmjs.org/once/-/once-1.4.0.tgz 505ms (cache miss)
979 http fetch GET 200 https://registry.npmjs.org/events/-/events-3.3.0.tgz 537ms (cache miss)
980 http fetch GET 200 https://registry.npmjs.org/buffer/-/buffer-5.7.1.tgz 513ms (cache miss)
981 http fetch GET 200 https://registry.npmjs.org/uuid-parse/-/uuid-parse-1.1.0.tgz 512ms (cache miss)
982 http fetch GET 200 https://registry.npmjs.org/qlobber/-/qlobber-7.0.1.tgz 516ms (cache miss)
983 http fetch GET 200 https://registry.npmjs.org/fastseries/-/fastseries-2.0.0.tgz 515ms (cache miss)
984 http fetch GET 200 https://registry.npmjs.org/bl/-/bl-6.1.6.tgz 528ms (cache miss)
985 http fetch GET 200 https://registry.npmjs.org/fastparallel/-/fastparallel-2.4.1.tgz 520ms (cache miss)
986 http fetch GET 200 https://registry.npmjs.org/aws-ssl-profiles/-/aws-ssl-profiles-1.1.2.tgz 542ms (cache miss)
987 http fetch GET 200 https://registry.npmjs.org/retimer/-/retimer-4.0.0.tgz 529ms (cache miss)
988 http fetch GET 200 https://registry.npmjs.org/hyperid/-/hyperid-3.3.0.tgz 534ms (cache miss)
989 http fetch GET 200 https://registry.npmjs.org/reusify/-/reusify-1.1.0.tgz 539ms (cache miss)
990 http fetch GET 200 https://registry.npmjs.org/end-of-stream/-/end-of-stream-1.4.5.tgz 537ms (cache miss)
991 http fetch GET 200 https://registry.npmjs.org/fastfall/-/fastfall-1.5.1.tgz 542ms (cache miss)
992 http fetch GET 200 https://registry.npmjs.org/websocket-stream/-/websocket-stream-5.5.2.tgz 552ms (cache miss)
993 http fetch GET 200 https://registry.npmjs.org/whatwg-url/-/whatwg-url-14.2.0.tgz 561ms (cache miss)
994 http fetch GET 200 https://registry.npmjs.org/aedes-packet/-/aedes-packet-3.0.0.tgz 549ms (cache miss)
995 http fetch GET 200 https://registry.npmjs.org/engine.io/-/engine.io-6.6.6.tgz 599ms (cache miss)
996 http fetch GET 200 https://registry.npmjs.org/aedes-persistence-mongodb/-/aedes-persistence-mongodb-9.4.1.tgz 553ms (cache miss)
997 http fetch GET 200 https://registry.npmjs.org/node-red-node-mysql/-/node-red-node-mysql-3.0.0.tgz 552ms (cache miss)
998 http fetch GET 200 https://registry.npmjs.org/string_decoder/-/string_decoder-1.1.1.tgz 555ms (cache miss)
999 http fetch GET 200 https://registry.npmjs.org/ms/-/ms-2.0.0.tgz 554ms (cache miss)
1000 http fetch GET 200 https://registry.npmjs.org/aedes-persistence/-/aedes-persistence-9.1.2.tgz 568ms (cache miss)
1001 http fetch GET 200 https://registry.npmjs.org/safe-buffer/-/safe-buffer-5.1.2.tgz 560ms (cache miss)
1002 http fetch GET 200 https://registry.npmjs.org/negotiator/-/negotiator-0.6.3.tgz 561ms (cache miss)
1003 http fetch GET 200 https://registry.npmjs.org/mqemitter/-/mqemitter-6.0.2.tgz 574ms (cache miss)
1004 http fetch GET 200 https://registry.npmjs.org/buffer/-/buffer-6.0.3.tgz 562ms (cache miss)
1005 http fetch GET 200 https://registry.npmjs.org/ms/-/ms-2.0.0.tgz 565ms (cache miss)
1006 http fetch GET 200 https://registry.npmjs.org/mime-db/-/mime-db-1.52.0.tgz 567ms (cache miss)
1007 http fetch GET 200 https://registry.npmjs.org/safe-buffer/-/safe-buffer-5.1.2.tgz 564ms (cache miss)
1008 http fetch GET 200 https://registry.npmjs.org/@types/readable-stream/-/readable-stream-4.0.23.tgz 588ms (cache miss)
1009 http fetch GET 200 https://registry.npmjs.org/buffer/-/buffer-6.0.3.tgz 570ms (cache miss)
1010 http fetch GET 200 https://registry.npmjs.org/string_decoder/-/string_decoder-1.1.1.tgz 568ms (cache miss)
1011 http fetch GET 200 https://registry.npmjs.org/qlobber/-/qlobber-8.0.1.tgz 570ms (cache miss)
1012 http fetch GET 200 https://registry.npmjs.org/bl/-/bl-4.1.0.tgz 570ms (cache miss)
1013 http fetch GET 200 https://registry.npmjs.org/debug/-/debug-2.6.9.tgz 577ms (cache miss)
1014 http fetch GET 200 https://registry.npmjs.org/mqtt-packet/-/mqtt-packet-9.0.2.tgz 592ms (cache miss)
1015 http fetch GET 200 https://registry.npmjs.org/debug/-/debug-2.6.9.tgz 583ms (cache miss)
1016 http fetch GET 200 https://registry.npmjs.org/qlobber/-/qlobber-8.0.1.tgz 580ms (cache miss)
1017 http fetch GET 200 https://registry.npmjs.org/undici-types/-/undici-types-7.19.2.tgz 623ms (cache miss)
1018 http fetch GET 200 https://registry.npmjs.org/readable-stream/-/readable-stream-2.3.8.tgz 607ms (cache miss)
1019 http fetch GET 200 https://registry.npmjs.org/ws/-/ws-3.3.3.tgz 603ms (cache miss)
1020 http fetch GET 200 https://registry.npmjs.org/worker-timers-worker/-/worker-timers-worker-7.0.71.tgz 673ms (cache miss)
1021 http fetch GET 200 https://registry.npmjs.org/aedes-persistence/-/aedes-persistence-10.2.2.tgz 607ms (cache miss)
1022 http fetch GET 200 https://registry.npmjs.org/iconv-lite/-/iconv-lite-0.7.2.tgz 646ms (cache miss)
1023 http fetch GET 200 https://registry.npmjs.org/readable-stream/-/readable-stream-4.7.0.tgz 639ms (cache miss)
1024 http fetch GET 200 https://registry.npmjs.org/mqtt-packet/-/mqtt-packet-7.1.2.tgz 612ms (cache miss)
1025 http fetch GET 200 https://registry.npmjs.org/readable-stream/-/readable-stream-3.6.2.tgz 612ms (cache miss)
1026 http fetch GET 200 https://registry.npmjs.org/readable-stream/-/readable-stream-2.3.8.tgz 615ms (cache miss)
1027 http fetch GET 200 https://registry.npmjs.org/gridstack/-/gridstack-0.6.4.tgz 672ms (cache miss)
1028 http fetch GET 200 https://registry.npmjs.org/uuid/-/uuid-8.3.2.tgz 654ms (cache miss)
1029 http fetch GET 200 https://registry.npmjs.org/@mongodb-js/saslprep/-/saslprep-1.4.6.tgz 674ms (cache miss)
1030 http fetch GET 200 https://registry.npmjs.org/aedes/-/aedes-0.51.3.tgz 673ms (cache miss)
1031 http fetch GET 200 https://registry.npmjs.org/socket.io/-/socket.io-4.8.3.tgz 698ms (cache miss)
1032 http fetch GET 200 https://registry.npmjs.org/uuid/-/uuid-10.0.0.tgz 684ms (cache miss)
1033 http fetch GET 200 https://registry.npmjs.org/mysql2/-/mysql2-3.22.0.tgz 733ms (cache miss)
1034 http fetch GET 200 https://registry.npmjs.org/@babel/runtime/-/runtime-7.29.2.tgz 765ms (cache miss)
1035 http fetch GET 200 https://registry.npmjs.org/jquery/-/jquery-3.7.1.tgz 745ms (cache miss)
1036 http fetch GET 200 https://registry.npmjs.org/bson/-/bson-6.10.4.tgz 731ms (cache miss)
1037 http fetch GET 200 https://registry.npmjs.org/@types/node/-/node-25.6.0.tgz 745ms (cache miss)
1038 http fetch GET 200 https://registry.npmjs.org/node-red-dashboard/-/node-red-dashboard-3.6.6.tgz 763ms (cache miss)
1039 warn deprecated node-red-dashboard@3.6.6: No longer maintained - please look at alternatives such as @flowfuse/node-red-dashboard or node-red-contrib-uibuilder
1040 http fetch GET 200 https://registry.npmjs.org/mongodb/-/mongodb-6.17.0.tgz 802ms (cache miss)
1041 http fetch GET 200 https://registry.npmjs.org/node-red-contrib-aedes/-/node-red-contrib-aedes-0.13.2.tgz 800ms (cache miss)
1042 info run node-red-dashboard@3.6.6 postinstall node_modules/node-red-dashboard node fixgrid.js
1043 info run node-red-dashboard@3.6.6 postinstall { code: 0, signal: null }
1044 silly ADD node_modules/ultron
1045 silly ADD node_modules/async-limiter
1046 silly ADD node_modules/isarray
1047 silly ADD node_modules/core-util-is
1048 silly ADD node_modules/util-deprecate
1049 silly ADD node_modules/fast-unique-numbers
1050 silly ADD node_modules/worker-timers-worker
1051 silly ADD node_modules/worker-timers-broker
1052 silly ADD node_modules/tslib
1053 silly ADD node_modules/@babel/runtime
1054 silly ADD node_modules/punycode
1055 silly ADD node_modules/webidl-conversions
1056 silly ADD node_modules/tr46
1057 silly ADD node_modules/stream-shift
1058 silly ADD node_modules/duplexify
1059 silly ADD node_modules/duplexify/node_modules/string_decoder
1060 silly ADD node_modules/duplexify/node_modules/safe-buffer
1061 silly ADD node_modules/duplexify/node_modules/readable-stream
1062 silly ADD node_modules/memory-pager
1063 silly ADD node_modules/@socket.io/component-emitter
1064 silly ADD node_modules/ws
1065 silly ADD node_modules/engine.io-parser
1066 silly ADD node_modules/cookie
1067 silly ADD node_modules/@types/ws
1068 silly ADD node_modules/@types/cors
1069 silly ADD node_modules/object-assign
1070 silly ADD node_modules/mime-types
1071 silly ADD node_modules/mime-types/node_modules/mime-db
1072 silly ADD node_modules/socket.io-parser
1073 silly ADD node_modules/socket.io-adapter
1074 silly ADD node_modules/engine.io
1075 silly ADD node_modules/cors
1076 silly ADD node_modules/base64id
1077 silly ADD node_modules/accepts
1078 silly ADD node_modules/accepts/node_modules/negotiator
1079 silly ADD node_modules/ee-first
1080 silly ADD node_modules/toidentifier
1081 silly ADD node_modules/setprototypeof
1082 silly ADD node_modules/statuses
1083 silly ADD node_modules/range-parser
1084 silly ADD node_modules/on-finished
1085 silly ADD node_modules/mime
1086 silly ADD node_modules/http-errors
1087 silly ADD node_modules/fresh
1088 silly ADD node_modules/etag
1089 silly ADD node_modules/destroy
1090 silly ADD node_modules/depd
1091 silly ADD node_modules/send
1092 silly ADD node_modules/send/node_modules/debug
1093 silly ADD node_modules/send/node_modules/debug/node_modules/ms
1094 silly ADD node_modules/parseurl
1095 silly ADD node_modules/escape-html
1096 silly ADD node_modules/encodeurl
1097 silly ADD node_modules/worker-timers
1098 silly ADD node_modules/event-target-shim
1099 silly ADD node_modules/string_decoder
1100 silly ADD node_modules/process
1101 silly ADD node_modules/events
1102 silly ADD node_modules/abort-controller
1103 silly ADD node_modules/wrappy
1104 silly ADD node_modules/safer-buffer
1105 silly ADD node_modules/is-property
1106 silly ADD node_modules/sql-escaper
1107 silly ADD node_modules/named-placeholders
1108 silly ADD node_modules/lru.min
1109 silly ADD node_modules/long
1110 silly ADD node_modules/iconv-lite
1111 silly ADD node_modules/generate-function
1112 silly ADD node_modules/denque
1113 silly ADD node_modules/aws-ssl-profiles
1114 silly ADD node_modules/mysql2
1115 silly ADD node_modules/jquery
1116 silly ADD node_modules/mime-db
1117 silly ADD node_modules/vary
1118 silly ADD node_modules/safe-buffer
1119 silly ADD node_modules/on-headers
1120 silly ADD node_modules/negotiator
1121 silly ADD node_modules/compressible
1122 silly ADD node_modules/bytes
1123 silly ADD node_modules/socket.io
1124 silly ADD node_modules/serve-static
1125 silly ADD node_modules/gridstack
1126 silly ADD node_modules/compression
1127 silly ADD node_modules/compression/node_modules/ms
1128 silly ADD node_modules/compression/node_modules/debug
1129 silly ADD node_modules/ms
1130 silly ADD node_modules/undici-types
1131 silly ADD node_modules/@types/node
1132 silly ADD node_modules/readable-stream
1133 silly ADD node_modules/readable-stream/node_modules/buffer
1134 silly ADD node_modules/inherits
1135 silly ADD node_modules/@types/readable-stream
1136 silly ADD node_modules/process-nextick-args
1137 silly ADD node_modules/debug
1138 silly ADD node_modules/bl
1139 silly ADD node_modules/bl/node_modules/buffer
1140 silly ADD node_modules/@types/webidl-conversions
1141 silly ADD node_modules/whatwg-url
1142 silly ADD node_modules/@types/whatwg-url
1143 silly ADD node_modules/sparse-bitfield
1144 silly ADD node_modules/mongodb-connection-string-url
1145 silly ADD node_modules/bson
1146 silly ADD node_modules/@mongodb-js/saslprep
1147 silly ADD node_modules/ieee754
1148 silly ADD node_modules/base64-js
1149 silly ADD node_modules/uuid-parse
1150 silly ADD node_modules/buffer
1151 silly ADD node_modules/xtend
1152 silly ADD node_modules/once
1153 silly ADD node_modules/mongodb
1154 silly ADD node_modules/escape-string-regexp
1155 silly ADD node_modules/qlobber
1156 silly ADD node_modules/uuid
1157 silly ADD node_modules/reusify
1158 silly ADD node_modules/retimer
1159 silly ADD node_modules/mqtt-packet
1160 silly ADD node_modules/mqemitter
1161 silly ADD node_modules/mqemitter/node_modules/qlobber
1162 silly ADD node_modules/hyperid
1163 silly ADD node_modules/hyperid/node_modules/uuid
1164 silly ADD node_modules/fastseries
1165 silly ADD node_modules/fastparallel
1166 silly ADD node_modules/fastfall
1167 silly ADD node_modules/end-of-stream
1168 silly ADD node_modules/aedes-persistence
1169 silly ADD node_modules/aedes-packet
1170 silly ADD node_modules/aedes-packet/node_modules/readable-stream
1171 silly ADD node_modules/aedes-packet/node_modules/bl
1172 silly ADD node_modules/aedes-packet/node_modules/mqtt-packet
1173 silly ADD node_modules/websocket-stream
1174 silly ADD node_modules/websocket-stream/node_modules/string_decoder
1175 silly ADD node_modules/websocket-stream/node_modules/safe-buffer
1176 silly ADD node_modules/websocket-stream/node_modules/ws
1177 silly ADD node_modules/websocket-stream/node_modules/readable-stream
1178 silly ADD node_modules/aedes-persistence-mongodb
1179 silly ADD node_modules/aedes-persistence-mongodb/node_modules/qlobber
1180 silly ADD node_modules/aedes-persistence-mongodb/node_modules/aedes-persistence
1181 silly ADD node_modules/aedes
1182 silly ADD node_modules/node-red-node-mysql
1183 silly ADD node_modules/node-red-dashboard
1184 silly ADD node_modules/node-red-contrib-aedes
1185 verbose cwd /data
1186 verbose os Linux 6.8.1-1042-realtime
1187 verbose node v20.20.1
1188 verbose npm  v10.8.2
1189 verbose exit 0
1190 info ok
